14-Apr-2024 17:08:11.088 정보 [main] org.apache.catalina.core.StandardServer.await 셧다운 포트를 통해 유효한 셧다운 명령을 받았습니다. 서버 인스턴스를 중지시킵니다.
14-Apr-2024 17:08:11.092 정보 [main] org.apache.coyote.AbstractProtocol.pause 프로토콜 핸들러 ["http-nio-8080"]을(를) 일시 정지 중
14-Apr-2024 17:08:11.098 정보 [main] org.apache.catalina.core.StandardService.stopInternal 서비스 [Catalina]을(를) 중지시킵니다.
14-Apr-2024 17:08:11.155 정보 [main] org.apache.coyote.AbstractProtocol.stop 프로토콜 핸들러 ["http-nio-8080"]을(를) 중지시킵니다.
14-Apr-2024 17:08:11.164 정보 [main] org.apache.coyote.AbstractProtocol.destroy 프로토콜 핸들러 ["http-nio-8080"]을(를) 소멸시킵니다.
14-Apr-2024 17:08:12.530 정보 [main] org.apache.catalina.startup.VersionLoggerListener.log 서버 버전 이름:    Apache Tomcat/10.1.20
14-Apr-2024 17:08:12.536 정보 [main] org.apache.catalina.startup.VersionLoggerListener.log Server 빌드 시각:  Mar 19 2024 12:49:58 UTC
14-Apr-2024 17:08:12.537 정보 [main] org.apache.catalina.startup.VersionLoggerListener.log Server 버전 번호:  10.1.20.0
14-Apr-2024 17:08:12.537 정보 [main] org.apache.catalina.startup.VersionLoggerListener.log 운영체제 이름:     Linux
14-Apr-2024 17:08:12.537 정보 [main] org.apache.catalina.startup.VersionLoggerListener.log 운영체제 버전:     5.14.0-362.24.1.el9_3.0.1.x86_64
14-Apr-2024 17:08:12.537 정보 [main] org.apache.catalina.startup.VersionLoggerListener.log 아키텍처:          amd64
14-Apr-2024 17:08:12.537 정보 [main] org.apache.catalina.startup.VersionLoggerListener.log 자바 홈:           /usr/lib/jvm/java-11-openjdk-11.0.22.0.7-2.el9.x86_64
14-Apr-2024 17:08:12.537 정보 [main] org.apache.catalina.startup.VersionLoggerListener.log JVM 버전:          11.0.22+7-LTS
14-Apr-2024 17:08:12.537 정보 [main] org.apache.catalina.startup.VersionLoggerListener.log JVM 벤더:          Red Hat, Inc.
14-Apr-2024 17:08:12.538 정보 [main] org.apache.catalina.startup.VersionLoggerListener.log CATALINA_BASE:     /opt/tomcat
14-Apr-2024 17:08:12.538 정보 [main] org.apache.catalina.startup.VersionLoggerListener.log CATALINA_HOME:     /opt/tomcat
14-Apr-2024 17:08:12.571 정보 [main] org.apache.catalina.startup.VersionLoggerListener.log 명령 행 아규먼트:  -Djava.util.logging.config.file=/opt/tomcat/conf/logging.properties
14-Apr-2024 17:08:12.571 정보 [main] org.apache.catalina.startup.VersionLoggerListener.log 명령 행 아규먼트:  -Djava.util.logging.manager=org.apache.juli.ClassLoaderLogManager
14-Apr-2024 17:08:12.572 정보 [main] org.apache.catalina.startup.VersionLoggerListener.log 명령 행 아규먼트:  -Djava.awt.headless=true
14-Apr-2024 17:08:12.572 정보 [main] org.apache.catalina.startup.VersionLoggerListener.log 명령 행 아규먼트:  -Djava.security.egd=file:/dev/./urandom
14-Apr-2024 17:08:12.572 정보 [main] org.apache.catalina.startup.VersionLoggerListener.log 명령 행 아규먼트:  -Djdk.tls.ephemeralDHKeySize=2048
14-Apr-2024 17:08:12.573 정보 [main] org.apache.catalina.startup.VersionLoggerListener.log 명령 행 아규먼트:  -Djava.protocol.handler.pkgs=org.apache.catalina.webresources
14-Apr-2024 17:08:12.573 정보 [main] org.apache.catalina.startup.VersionLoggerListener.log 명령 행 아규먼트:  -Dorg.apache.catalina.security.SecurityListener.UMASK=0027
14-Apr-2024 17:08:12.574 정보 [main] org.apache.catalina.startup.VersionLoggerListener.log 명령 행 아규먼트:  --add-opens=java.base/java.lang=ALL-UNNAMED
14-Apr-2024 17:08:12.574 정보 [main] org.apache.catalina.startup.VersionLoggerListener.log 명령 행 아규먼트:  --add-opens=java.base/java.io=ALL-UNNAMED
14-Apr-2024 17:08:12.574 정보 [main] org.apache.catalina.startup.VersionLoggerListener.log 명령 행 아규먼트:  --add-opens=java.base/java.util=ALL-UNNAMED
14-Apr-2024 17:08:12.575 정보 [main] org.apache.catalina.startup.VersionLoggerListener.log 명령 행 아규먼트:  --add-opens=java.base/java.util.concurrent=ALL-UNNAMED
14-Apr-2024 17:08:12.575 정보 [main] org.apache.catalina.startup.VersionLoggerListener.log 명령 행 아규먼트:  --add-opens=java.rmi/sun.rmi.transport=ALL-UNNAMED
14-Apr-2024 17:08:12.575 정보 [main] org.apache.catalina.startup.VersionLoggerListener.log 명령 행 아규먼트:  -Xms512M
14-Apr-2024 17:08:12.576 정보 [main] org.apache.catalina.startup.VersionLoggerListener.log 명령 행 아규먼트:  -Xmx1024M
14-Apr-2024 17:08:12.576 정보 [main] org.apache.catalina.startup.VersionLoggerListener.log 명령 행 아규먼트:  -XX:+UseParallelGC
14-Apr-2024 17:08:12.576 정보 [main] org.apache.catalina.startup.VersionLoggerListener.log 명령 행 아규먼트:  -Dcatalina.base=/opt/tomcat
14-Apr-2024 17:08:12.577 정보 [main] org.apache.catalina.startup.VersionLoggerListener.log 명령 행 아규먼트:  -Dcatalina.home=/opt/tomcat
14-Apr-2024 17:08:12.577 정보 [main] org.apache.catalina.startup.VersionLoggerListener.log 명령 행 아규먼트:  -Djava.io.tmpdir=/opt/tomcat/temp
14-Apr-2024 17:08:12.578 정보 [main] org.apache.catalina.core.AprLifecycleListener.lifecycleEvent 프로덕션 환경들에서 최적의 성능을 제공하는, APR 기반 Apache Tomcat Native 라이브러리가, 다음 java.library.path에서 발견되지 않습니다: [/usr/java/packages/lib:/usr/lib64:/lib64:/lib:/usr/lib]
14-Apr-2024 17:08:12.845 정보 [main] org.apache.coyote.AbstractProtocol.init 프로토콜 핸들러 ["http-nio-8080"]을(를) 초기화합니다.
14-Apr-2024 17:08:12.868 정보 [main] org.apache.catalina.startup.Catalina.load [540] 밀리초 내에 서버가 초기화되었습니다.
14-Apr-2024 17:08:12.920 정보 [main] org.apache.catalina.core.StandardService.startInternal 서비스 [Catalina]을(를) 시작합니다.
14-Apr-2024 17:08:12.920 정보 [main] org.apache.catalina.core.StandardEngine.startInternal 서버 엔진을 시작합니다: [Apache Tomcat/10.1.20]
14-Apr-2024 17:08:12.929 심각 [main] org.apache.catalina.startup.HostConfig.beforeStart 배치를 위한 디렉토리 [/opt/tomcat/conf/Catalina/localhost]을(를) 생성할 수 없습니다.
14-Apr-2024 17:08:12.933 정보 [main] org.apache.catalina.startup.HostConfig.deployDirectory 웹 애플리케이션 디렉토리 [/opt/tomcat/webapps/ROOT]을(를) 배치합니다.
14-Apr-2024 17:08:13.450 정보 [main] org.apache.jasper.servlet.TldScanner.scanJars 적어도 하나의 JAR가 TLD들을 찾기 위해 스캔되었으나 아무 것도 찾지 못했습니다. 스캔했으나 TLD가 없는 JAR들의 전체 목록을 보시려면, 로그 레벨을 디버그 레벨로 설정하십시오. 스캔 과정에서 불필요한 JAR들을 건너뛰면, 시스템 시작 시간과 JSP 컴파일 시간을 단축시킬 수 있습니다.
14-Apr-2024 17:08:13.498 정보 [main] org.apache.catalina.startup.HostConfig.deployDirectory 웹 애플리케이션 디렉토리 [/opt/tomcat/webapps/ROOT]에 대한 배치가 [563] 밀리초에 완료되었습니다.
14-Apr-2024 17:08:13.498 정보 [main] org.apache.catalina.startup.HostConfig.deployDirectory 웹 애플리케이션 디렉토리 [/opt/tomcat/webapps/docs]을(를) 배치합니다.
14-Apr-2024 17:08:13.670 정보 [main] org.apache.jasper.servlet.TldScanner.scanJars 적어도 하나의 JAR가 TLD들을 찾기 위해 스캔되었으나 아무 것도 찾지 못했습니다. 스캔했으나 TLD가 없는 JAR들의 전체 목록을 보시려면, 로그 레벨을 디버그 레벨로 설정하십시오. 스캔 과정에서 불필요한 JAR들을 건너뛰면, 시스템 시작 시간과 JSP 컴파일 시간을 단축시킬 수 있습니다.
14-Apr-2024 17:08:13.671 정보 [main] org.apache.catalina.startup.HostConfig.deployDirectory 웹 애플리케이션 디렉토리 [/opt/tomcat/webapps/docs]에 대한 배치가 [173] 밀리초에 완료되었습니다.
14-Apr-2024 17:08:13.672 정보 [main] org.apache.catalina.startup.HostConfig.deployDirectory 웹 애플리케이션 디렉토리 [/opt/tomcat/webapps/examples]을(를) 배치합니다.
14-Apr-2024 17:08:13.965 정보 [main] org.apache.jasper.servlet.TldScanner.scanJars 적어도 하나의 JAR가 TLD들을 찾기 위해 스캔되었으나 아무 것도 찾지 못했습니다. 스캔했으나 TLD가 없는 JAR들의 전체 목록을 보시려면, 로그 레벨을 디버그 레벨로 설정하십시오. 스캔 과정에서 불필요한 JAR들을 건너뛰면, 시스템 시작 시간과 JSP 컴파일 시간을 단축시킬 수 있습니다.
14-Apr-2024 17:08:14.002 정보 [main] org.apache.catalina.startup.HostConfig.deployDirectory 웹 애플리케이션 디렉토리 [/opt/tomcat/webapps/examples]에 대한 배치가 [331] 밀리초에 완료되었습니다.
14-Apr-2024 17:08:14.003 정보 [main] org.apache.catalina.startup.HostConfig.deployDirectory 웹 애플리케이션 디렉토리 [/opt/tomcat/webapps/host-manager]을(를) 배치합니다.
14-Apr-2024 17:08:14.128 정보 [main] org.apache.jasper.servlet.TldScanner.scanJars 적어도 하나의 JAR가 TLD들을 찾기 위해 스캔되었으나 아무 것도 찾지 못했습니다. 스캔했으나 TLD가 없는 JAR들의 전체 목록을 보시려면, 로그 레벨을 디버그 레벨로 설정하십시오. 스캔 과정에서 불필요한 JAR들을 건너뛰면, 시스템 시작 시간과 JSP 컴파일 시간을 단축시킬 수 있습니다.
14-Apr-2024 17:08:14.134 정보 [main] org.apache.catalina.startup.HostConfig.deployDirectory 웹 애플리케이션 디렉토리 [/opt/tomcat/webapps/host-manager]에 대한 배치가 [132] 밀리초에 완료되었습니다.
14-Apr-2024 17:08:14.134 정보 [main] org.apache.catalina.startup.HostConfig.deployDirectory 웹 애플리케이션 디렉토리 [/opt/tomcat/webapps/manager]을(를) 배치합니다.
14-Apr-2024 17:08:14.255 정보 [main] org.apache.jasper.servlet.TldScanner.scanJars 적어도 하나의 JAR가 TLD들을 찾기 위해 스캔되었으나 아무 것도 찾지 못했습니다. 스캔했으나 TLD가 없는 JAR들의 전체 목록을 보시려면, 로그 레벨을 디버그 레벨로 설정하십시오. 스캔 과정에서 불필요한 JAR들을 건너뛰면, 시스템 시작 시간과 JSP 컴파일 시간을 단축시킬 수 있습니다.
14-Apr-2024 17:08:14.257 정보 [main] org.apache.catalina.startup.HostConfig.deployDirectory 웹 애플리케이션 디렉토리 [/opt/tomcat/webapps/manager]에 대한 배치가 [123] 밀리초에 완료되었습니다.
14-Apr-2024 17:08:14.262 정보 [main] org.apache.coyote.AbstractProtocol.start 프로토콜 핸들러 ["http-nio-8080"]을(를) 시작합니다.
14-Apr-2024 17:08:14.285 정보 [main] org.apache.catalina.startup.Catalina.start 서버가 [1417] 밀리초 내에 시작되었습니다.
14-Apr-2024 17:10:46.773 정보 [main] org.apache.catalina.core.StandardServer.await 셧다운 포트를 통해 유효한 셧다운 명령을 받았습니다. 서버 인스턴스를 중지시킵니다.
14-Apr-2024 17:10:46.773 정보 [main] org.apache.coyote.AbstractProtocol.pause 프로토콜 핸들러 ["http-nio-8080"]을(를) 일시 정지 중
14-Apr-2024 17:10:46.776 정보 [main] org.apache.catalina.core.StandardService.stopInternal 서비스 [Catalina]을(를) 중지시킵니다.
14-Apr-2024 17:10:46.790 정보 [main] org.apache.coyote.AbstractProtocol.stop 프로토콜 핸들러 ["http-nio-8080"]을(를) 중지시킵니다.
14-Apr-2024 17:10:46.798 정보 [main] org.apache.coyote.AbstractProtocol.destroy 프로토콜 핸들러 ["http-nio-8080"]을(를) 소멸시킵니다.
14-Apr-2024 17:10:48.134 정보 [main] org.apache.catalina.startup.VersionLoggerListener.log 서버 버전 이름:    Apache Tomcat/10.1.20
14-Apr-2024 17:10:48.137 정보 [main] org.apache.catalina.startup.VersionLoggerListener.log Server 빌드 시각:  Mar 19 2024 12:49:58 UTC
14-Apr-2024 17:10:48.137 정보 [main] org.apache.catalina.startup.VersionLoggerListener.log Server 버전 번호:  10.1.20.0
14-Apr-2024 17:10:48.137 정보 [main] org.apache.catalina.startup.VersionLoggerListener.log 운영체제 이름:     Linux
14-Apr-2024 17:10:48.137 정보 [main] org.apache.catalina.startup.VersionLoggerListener.log 운영체제 버전:     5.14.0-362.24.1.el9_3.0.1.x86_64
14-Apr-2024 17:10:48.137 정보 [main] org.apache.catalina.startup.VersionLoggerListener.log 아키텍처:          amd64
14-Apr-2024 17:10:48.137 정보 [main] org.apache.catalina.startup.VersionLoggerListener.log 자바 홈:           /usr/lib/jvm/java-11-openjdk-11.0.22.0.7-2.el9.x86_64
14-Apr-2024 17:10:48.137 정보 [main] org.apache.catalina.startup.VersionLoggerListener.log JVM 버전:          11.0.22+7-LTS
14-Apr-2024 17:10:48.138 정보 [main] org.apache.catalina.startup.VersionLoggerListener.log JVM 벤더:          Red Hat, Inc.
14-Apr-2024 17:10:48.138 정보 [main] org.apache.catalina.startup.VersionLoggerListener.log CATALINA_BASE:     /opt/tomcat
14-Apr-2024 17:10:48.138 정보 [main] org.apache.catalina.startup.VersionLoggerListener.log CATALINA_HOME:     /opt/tomcat
14-Apr-2024 17:10:48.163 정보 [main] org.apache.catalina.startup.VersionLoggerListener.log 명령 행 아규먼트:  -Djava.util.logging.config.file=/opt/tomcat/conf/logging.properties
14-Apr-2024 17:10:48.165 정보 [main] org.apache.catalina.startup.VersionLoggerListener.log 명령 행 아규먼트:  -Djava.util.logging.manager=org.apache.juli.ClassLoaderLogManager
14-Apr-2024 17:10:48.166 정보 [main] org.apache.catalina.startup.VersionLoggerListener.log 명령 행 아규먼트:  -Djava.awt.headless=true
14-Apr-2024 17:10:48.166 정보 [main] org.apache.catalina.startup.VersionLoggerListener.log 명령 행 아규먼트:  -Djava.security.egd=file:/dev/./urandom
14-Apr-2024 17:10:48.166 정보 [main] org.apache.catalina.startup.VersionLoggerListener.log 명령 행 아규먼트:  -Djdk.tls.ephemeralDHKeySize=2048
14-Apr-2024 17:10:48.167 정보 [main] org.apache.catalina.startup.VersionLoggerListener.log 명령 행 아규먼트:  -Djava.protocol.handler.pkgs=org.apache.catalina.webresources
14-Apr-2024 17:10:48.167 정보 [main] org.apache.catalina.startup.VersionLoggerListener.log 명령 행 아규먼트:  -Dorg.apache.catalina.security.SecurityListener.UMASK=0027
14-Apr-2024 17:10:48.167 정보 [main] org.apache.catalina.startup.VersionLoggerListener.log 명령 행 아규먼트:  --add-opens=java.base/java.lang=ALL-UNNAMED
14-Apr-2024 17:10:48.167 정보 [main] org.apache.catalina.startup.VersionLoggerListener.log 명령 행 아규먼트:  --add-opens=java.base/java.io=ALL-UNNAMED
14-Apr-2024 17:10:48.167 정보 [main] org.apache.catalina.startup.VersionLoggerListener.log 명령 행 아규먼트:  --add-opens=java.base/java.util=ALL-UNNAMED
14-Apr-2024 17:10:48.167 정보 [main] org.apache.catalina.startup.VersionLoggerListener.log 명령 행 아규먼트:  --add-opens=java.base/java.util.concurrent=ALL-UNNAMED
14-Apr-2024 17:10:48.167 정보 [main] org.apache.catalina.startup.VersionLoggerListener.log 명령 행 아규먼트:  --add-opens=java.rmi/sun.rmi.transport=ALL-UNNAMED
14-Apr-2024 17:10:48.168 정보 [main] org.apache.catalina.startup.VersionLoggerListener.log 명령 행 아규먼트:  -Xms512M
14-Apr-2024 17:10:48.168 정보 [main] org.apache.catalina.startup.VersionLoggerListener.log 명령 행 아규먼트:  -Xmx1024M
14-Apr-2024 17:10:48.168 정보 [main] org.apache.catalina.startup.VersionLoggerListener.log 명령 행 아규먼트:  -XX:+UseParallelGC
14-Apr-2024 17:10:48.168 정보 [main] org.apache.catalina.startup.VersionLoggerListener.log 명령 행 아규먼트:  -Dcatalina.base=/opt/tomcat
14-Apr-2024 17:10:48.168 정보 [main] org.apache.catalina.startup.VersionLoggerListener.log 명령 행 아규먼트:  -Dcatalina.home=/opt/tomcat
14-Apr-2024 17:10:48.168 정보 [main] org.apache.catalina.startup.VersionLoggerListener.log 명령 행 아규먼트:  -Djava.io.tmpdir=/opt/tomcat/temp
14-Apr-2024 17:10:48.170 정보 [main] org.apache.catalina.core.AprLifecycleListener.lifecycleEvent 프로덕션 환경들에서 최적의 성능을 제공하는, APR 기반 Apache Tomcat Native 라이브러리가, 다음 java.library.path에서 발견되지 않습니다: [/usr/java/packages/lib:/usr/lib64:/lib64:/lib:/usr/lib]
14-Apr-2024 17:10:48.442 정보 [main] org.apache.coyote.AbstractProtocol.init 프로토콜 핸들러 ["http-nio-8080"]을(를) 초기화합니다.
14-Apr-2024 17:10:48.468 정보 [main] org.apache.catalina.startup.Catalina.load [489] 밀리초 내에 서버가 초기화되었습니다.
14-Apr-2024 17:10:48.509 정보 [main] org.apache.catalina.core.StandardService.startInternal 서비스 [Catalina]을(를) 시작합니다.
14-Apr-2024 17:10:48.509 정보 [main] org.apache.catalina.core.StandardEngine.startInternal 서버 엔진을 시작합니다: [Apache Tomcat/10.1.20]
14-Apr-2024 17:10:48.514 심각 [main] org.apache.catalina.startup.HostConfig.beforeStart 배치를 위한 디렉토리 [/opt/tomcat/conf/Catalina/localhost]을(를) 생성할 수 없습니다.
14-Apr-2024 17:10:48.519 정보 [main] org.apache.catalina.startup.HostConfig.deployDirectory 웹 애플리케이션 디렉토리 [/opt/tomcat/webapps/ROOT]을(를) 배치합니다.
14-Apr-2024 17:10:48.891 정보 [main] org.apache.jasper.servlet.TldScanner.scanJars 적어도 하나의 JAR가 TLD들을 찾기 위해 스캔되었으나 아무 것도 찾지 못했습니다. 스캔했으나 TLD가 없는 JAR들의 전체 목록을 보시려면, 로그 레벨을 디버그 레벨로 설정하십시오. 스캔 과정에서 불필요한 JAR들을 건너뛰면, 시스템 시작 시간과 JSP 컴파일 시간을 단축시킬 수 있습니다.
14-Apr-2024 17:10:48.920 정보 [main] org.apache.catalina.startup.HostConfig.deployDirectory 웹 애플리케이션 디렉토리 [/opt/tomcat/webapps/ROOT]에 대한 배치가 [399] 밀리초에 완료되었습니다.
14-Apr-2024 17:10:48.920 정보 [main] org.apache.catalina.startup.HostConfig.deployDirectory 웹 애플리케이션 디렉토리 [/opt/tomcat/webapps/docs]을(를) 배치합니다.
14-Apr-2024 17:10:49.043 정보 [main] org.apache.jasper.servlet.TldScanner.scanJars 적어도 하나의 JAR가 TLD들을 찾기 위해 스캔되었으나 아무 것도 찾지 못했습니다. 스캔했으나 TLD가 없는 JAR들의 전체 목록을 보시려면, 로그 레벨을 디버그 레벨로 설정하십시오. 스캔 과정에서 불필요한 JAR들을 건너뛰면, 시스템 시작 시간과 JSP 컴파일 시간을 단축시킬 수 있습니다.
14-Apr-2024 17:10:49.043 정보 [main] org.apache.catalina.startup.HostConfig.deployDirectory 웹 애플리케이션 디렉토리 [/opt/tomcat/webapps/docs]에 대한 배치가 [123] 밀리초에 완료되었습니다.
14-Apr-2024 17:10:49.044 정보 [main] org.apache.catalina.startup.HostConfig.deployDirectory 웹 애플리케이션 디렉토리 [/opt/tomcat/webapps/examples]을(를) 배치합니다.
14-Apr-2024 17:10:49.228 정보 [main] org.apache.jasper.servlet.TldScanner.scanJars 적어도 하나의 JAR가 TLD들을 찾기 위해 스캔되었으나 아무 것도 찾지 못했습니다. 스캔했으나 TLD가 없는 JAR들의 전체 목록을 보시려면, 로그 레벨을 디버그 레벨로 설정하십시오. 스캔 과정에서 불필요한 JAR들을 건너뛰면, 시스템 시작 시간과 JSP 컴파일 시간을 단축시킬 수 있습니다.
14-Apr-2024 17:10:49.249 정보 [main] org.apache.catalina.startup.HostConfig.deployDirectory 웹 애플리케이션 디렉토리 [/opt/tomcat/webapps/examples]에 대한 배치가 [205] 밀리초에 완료되었습니다.
14-Apr-2024 17:10:49.249 정보 [main] org.apache.catalina.startup.HostConfig.deployDirectory 웹 애플리케이션 디렉토리 [/opt/tomcat/webapps/host-manager]을(를) 배치합니다.
14-Apr-2024 17:10:49.395 정보 [main] org.apache.jasper.servlet.TldScanner.scanJars 적어도 하나의 JAR가 TLD들을 찾기 위해 스캔되었으나 아무 것도 찾지 못했습니다. 스캔했으나 TLD가 없는 JAR들의 전체 목록을 보시려면, 로그 레벨을 디버그 레벨로 설정하십시오. 스캔 과정에서 불필요한 JAR들을 건너뛰면, 시스템 시작 시간과 JSP 컴파일 시간을 단축시킬 수 있습니다.
14-Apr-2024 17:10:49.398 정보 [main] org.apache.catalina.startup.HostConfig.deployDirectory 웹 애플리케이션 디렉토리 [/opt/tomcat/webapps/host-manager]에 대한 배치가 [149] 밀리초에 완료되었습니다.
14-Apr-2024 17:10:49.398 정보 [main] org.apache.catalina.startup.HostConfig.deployDirectory 웹 애플리케이션 디렉토리 [/opt/tomcat/webapps/manager]을(를) 배치합니다.
14-Apr-2024 17:10:49.524 정보 [main] org.apache.jasper.servlet.TldScanner.scanJars 적어도 하나의 JAR가 TLD들을 찾기 위해 스캔되었으나 아무 것도 찾지 못했습니다. 스캔했으나 TLD가 없는 JAR들의 전체 목록을 보시려면, 로그 레벨을 디버그 레벨로 설정하십시오. 스캔 과정에서 불필요한 JAR들을 건너뛰면, 시스템 시작 시간과 JSP 컴파일 시간을 단축시킬 수 있습니다.
14-Apr-2024 17:10:49.525 정보 [main] org.apache.catalina.startup.HostConfig.deployDirectory 웹 애플리케이션 디렉토리 [/opt/tomcat/webapps/manager]에 대한 배치가 [127] 밀리초에 완료되었습니다.
14-Apr-2024 17:10:49.527 정보 [main] org.apache.coyote.AbstractProtocol.start 프로토콜 핸들러 ["http-nio-8080"]을(를) 시작합니다.
14-Apr-2024 17:10:49.553 정보 [main] org.apache.catalina.startup.Catalina.start 서버가 [1085] 밀리초 내에 시작되었습니다.
14-Apr-2024 17:32:09.760 정보 [main] org.apache.catalina.core.StandardServer.await 셧다운 포트를 통해 유효한 셧다운 명령을 받았습니다. 서버 인스턴스를 중지시킵니다.
14-Apr-2024 17:32:09.761 정보 [main] org.apache.coyote.AbstractProtocol.pause 프로토콜 핸들러 ["http-nio-8080"]을(를) 일시 정지 중
14-Apr-2024 17:32:09.763 정보 [main] org.apache.catalina.core.StandardService.stopInternal 서비스 [Catalina]을(를) 중지시킵니다.
14-Apr-2024 17:32:09.780 정보 [main] org.apache.coyote.AbstractProtocol.stop 프로토콜 핸들러 ["http-nio-8080"]을(를) 중지시킵니다.
14-Apr-2024 17:32:09.789 정보 [main] org.apache.coyote.AbstractProtocol.destroy 프로토콜 핸들러 ["http-nio-8080"]을(를) 소멸시킵니다.
14-Apr-2024 17:32:11.138 정보 [main] org.apache.catalina.startup.VersionLoggerListener.log 서버 버전 이름:    Apache Tomcat/10.1.20
14-Apr-2024 17:32:11.140 정보 [main] org.apache.catalina.startup.VersionLoggerListener.log Server 빌드 시각:  Mar 19 2024 12:49:58 UTC
14-Apr-2024 17:32:11.140 정보 [main] org.apache.catalina.startup.VersionLoggerListener.log Server 버전 번호:  10.1.20.0
14-Apr-2024 17:32:11.140 정보 [main] org.apache.catalina.startup.VersionLoggerListener.log 운영체제 이름:     Linux
14-Apr-2024 17:32:11.140 정보 [main] org.apache.catalina.startup.VersionLoggerListener.log 운영체제 버전:     5.14.0-362.24.1.el9_3.0.1.x86_64
14-Apr-2024 17:32:11.140 정보 [main] org.apache.catalina.startup.VersionLoggerListener.log 아키텍처:          amd64
14-Apr-2024 17:32:11.140 정보 [main] org.apache.catalina.startup.VersionLoggerListener.log 자바 홈:           /usr/lib/jvm/java-11-openjdk-11.0.22.0.7-2.el9.x86_64
14-Apr-2024 17:32:11.140 정보 [main] org.apache.catalina.startup.VersionLoggerListener.log JVM 버전:          11.0.22+7-LTS
14-Apr-2024 17:32:11.140 정보 [main] org.apache.catalina.startup.VersionLoggerListener.log JVM 벤더:          Red Hat, Inc.
14-Apr-2024 17:32:11.140 정보 [main] org.apache.catalina.startup.VersionLoggerListener.log CATALINA_BASE:     /opt/tomcat
14-Apr-2024 17:32:11.140 정보 [main] org.apache.catalina.startup.VersionLoggerListener.log CATALINA_HOME:     /opt/tomcat
14-Apr-2024 17:32:11.148 정보 [main] org.apache.catalina.startup.VersionLoggerListener.log 명령 행 아규먼트:  -Djava.util.logging.config.file=/opt/tomcat/conf/logging.properties
14-Apr-2024 17:32:11.148 정보 [main] org.apache.catalina.startup.VersionLoggerListener.log 명령 행 아규먼트:  -Djava.util.logging.manager=org.apache.juli.ClassLoaderLogManager
14-Apr-2024 17:32:11.148 정보 [main] org.apache.catalina.startup.VersionLoggerListener.log 명령 행 아규먼트:  -Djava.awt.headless=true
14-Apr-2024 17:32:11.148 정보 [main] org.apache.catalina.startup.VersionLoggerListener.log 명령 행 아규먼트:  -Djava.security.egd=file:/dev/./urandom
14-Apr-2024 17:32:11.148 정보 [main] org.apache.catalina.startup.VersionLoggerListener.log 명령 행 아규먼트:  -Djdk.tls.ephemeralDHKeySize=2048
14-Apr-2024 17:32:11.148 정보 [main] org.apache.catalina.startup.VersionLoggerListener.log 명령 행 아규먼트:  -Djava.protocol.handler.pkgs=org.apache.catalina.webresources
14-Apr-2024 17:32:11.148 정보 [main] org.apache.catalina.startup.VersionLoggerListener.log 명령 행 아규먼트:  -Dorg.apache.catalina.security.SecurityListener.UMASK=0027
14-Apr-2024 17:32:11.148 정보 [main] org.apache.catalina.startup.VersionLoggerListener.log 명령 행 아규먼트:  --add-opens=java.base/java.lang=ALL-UNNAMED
14-Apr-2024 17:32:11.148 정보 [main] org.apache.catalina.startup.VersionLoggerListener.log 명령 행 아규먼트:  --add-opens=java.base/java.io=ALL-UNNAMED
14-Apr-2024 17:32:11.148 정보 [main] org.apache.catalina.startup.VersionLoggerListener.log 명령 행 아규먼트:  --add-opens=java.base/java.util=ALL-UNNAMED
14-Apr-2024 17:32:11.148 정보 [main] org.apache.catalina.startup.VersionLoggerListener.log 명령 행 아규먼트:  --add-opens=java.base/java.util.concurrent=ALL-UNNAMED
14-Apr-2024 17:32:11.148 정보 [main] org.apache.catalina.startup.VersionLoggerListener.log 명령 행 아규먼트:  --add-opens=java.rmi/sun.rmi.transport=ALL-UNNAMED
14-Apr-2024 17:32:11.149 정보 [main] org.apache.catalina.startup.VersionLoggerListener.log 명령 행 아규먼트:  -Xms512M
14-Apr-2024 17:32:11.149 정보 [main] org.apache.catalina.startup.VersionLoggerListener.log 명령 행 아규먼트:  -Xmx1024M
14-Apr-2024 17:32:11.149 정보 [main] org.apache.catalina.startup.VersionLoggerListener.log 명령 행 아규먼트:  -XX:+UseParallelGC
14-Apr-2024 17:32:11.149 정보 [main] org.apache.catalina.startup.VersionLoggerListener.log 명령 행 아규먼트:  -Dcatalina.base=/opt/tomcat
14-Apr-2024 17:32:11.149 정보 [main] org.apache.catalina.startup.VersionLoggerListener.log 명령 행 아규먼트:  -Dcatalina.home=/opt/tomcat
14-Apr-2024 17:32:11.149 정보 [main] org.apache.catalina.startup.VersionLoggerListener.log 명령 행 아규먼트:  -Djava.io.tmpdir=/opt/tomcat/temp
14-Apr-2024 17:32:11.152 정보 [main] org.apache.catalina.core.AprLifecycleListener.lifecycleEvent 프로덕션 환경들에서 최적의 성능을 제공하는, APR 기반 Apache Tomcat Native 라이브러리가, 다음 java.library.path에서 발견되지 않습니다: [/usr/java/packages/lib:/usr/lib64:/lib64:/lib:/usr/lib]
14-Apr-2024 17:32:11.402 정보 [main] org.apache.coyote.AbstractProtocol.init 프로토콜 핸들러 ["http-nio-8080"]을(를) 초기화합니다.
14-Apr-2024 17:32:11.431 정보 [main] org.apache.catalina.startup.Catalina.load [439] 밀리초 내에 서버가 초기화되었습니다.
14-Apr-2024 17:32:11.469 정보 [main] org.apache.catalina.core.StandardService.startInternal 서비스 [Catalina]을(를) 시작합니다.
14-Apr-2024 17:32:11.469 정보 [main] org.apache.catalina.core.StandardEngine.startInternal 서버 엔진을 시작합니다: [Apache Tomcat/10.1.20]
14-Apr-2024 17:32:11.472 심각 [main] org.apache.catalina.startup.HostConfig.beforeStart 배치를 위한 디렉토리 [/opt/tomcat/conf/Catalina/localhost]을(를) 생성할 수 없습니다.
14-Apr-2024 17:32:11.477 정보 [main] org.apache.catalina.startup.HostConfig.deployDirectory 웹 애플리케이션 디렉토리 [/opt/tomcat/webapps/ROOT]을(를) 배치합니다.
14-Apr-2024 17:32:11.863 정보 [main] org.apache.jasper.servlet.TldScanner.scanJars 적어도 하나의 JAR가 TLD들을 찾기 위해 스캔되었으나 아무 것도 찾지 못했습니다. 스캔했으나 TLD가 없는 JAR들의 전체 목록을 보시려면, 로그 레벨을 디버그 레벨로 설정하십시오. 스캔 과정에서 불필요한 JAR들을 건너뛰면, 시스템 시작 시간과 JSP 컴파일 시간을 단축시킬 수 있습니다.
14-Apr-2024 17:32:11.917 정보 [main] org.apache.catalina.startup.HostConfig.deployDirectory 웹 애플리케이션 디렉토리 [/opt/tomcat/webapps/ROOT]에 대한 배치가 [440] 밀리초에 완료되었습니다.
14-Apr-2024 17:32:11.918 정보 [main] org.apache.catalina.startup.HostConfig.deployDirectory 웹 애플리케이션 디렉토리 [/opt/tomcat/webapps/docs]을(를) 배치합니다.
14-Apr-2024 17:32:12.029 정보 [main] org.apache.jasper.servlet.TldScanner.scanJars 적어도 하나의 JAR가 TLD들을 찾기 위해 스캔되었으나 아무 것도 찾지 못했습니다. 스캔했으나 TLD가 없는 JAR들의 전체 목록을 보시려면, 로그 레벨을 디버그 레벨로 설정하십시오. 스캔 과정에서 불필요한 JAR들을 건너뛰면, 시스템 시작 시간과 JSP 컴파일 시간을 단축시킬 수 있습니다.
14-Apr-2024 17:32:12.030 정보 [main] org.apache.catalina.startup.HostConfig.deployDirectory 웹 애플리케이션 디렉토리 [/opt/tomcat/webapps/docs]에 대한 배치가 [112] 밀리초에 완료되었습니다.
14-Apr-2024 17:32:12.030 정보 [main] org.apache.catalina.startup.HostConfig.deployDirectory 웹 애플리케이션 디렉토리 [/opt/tomcat/webapps/examples]을(를) 배치합니다.
14-Apr-2024 17:32:12.210 정보 [main] org.apache.jasper.servlet.TldScanner.scanJars 적어도 하나의 JAR가 TLD들을 찾기 위해 스캔되었으나 아무 것도 찾지 못했습니다. 스캔했으나 TLD가 없는 JAR들의 전체 목록을 보시려면, 로그 레벨을 디버그 레벨로 설정하십시오. 스캔 과정에서 불필요한 JAR들을 건너뛰면, 시스템 시작 시간과 JSP 컴파일 시간을 단축시킬 수 있습니다.
14-Apr-2024 17:32:12.232 정보 [main] org.apache.catalina.startup.HostConfig.deployDirectory 웹 애플리케이션 디렉토리 [/opt/tomcat/webapps/examples]에 대한 배치가 [202] 밀리초에 완료되었습니다.
14-Apr-2024 17:32:12.232 정보 [main] org.apache.catalina.startup.HostConfig.deployDirectory 웹 애플리케이션 디렉토리 [/opt/tomcat/webapps/host-manager]을(를) 배치합니다.
14-Apr-2024 17:32:12.346 정보 [main] org.apache.jasper.servlet.TldScanner.scanJars 적어도 하나의 JAR가 TLD들을 찾기 위해 스캔되었으나 아무 것도 찾지 못했습니다. 스캔했으나 TLD가 없는 JAR들의 전체 목록을 보시려면, 로그 레벨을 디버그 레벨로 설정하십시오. 스캔 과정에서 불필요한 JAR들을 건너뛰면, 시스템 시작 시간과 JSP 컴파일 시간을 단축시킬 수 있습니다.
14-Apr-2024 17:32:12.350 정보 [main] org.apache.catalina.startup.HostConfig.deployDirectory 웹 애플리케이션 디렉토리 [/opt/tomcat/webapps/host-manager]에 대한 배치가 [118] 밀리초에 완료되었습니다.
14-Apr-2024 17:32:12.361 정보 [main] org.apache.catalina.startup.HostConfig.deployDirectory 웹 애플리케이션 디렉토리 [/opt/tomcat/webapps/manager]을(를) 배치합니다.
14-Apr-2024 17:32:12.474 정보 [main] org.apache.jasper.servlet.TldScanner.scanJars 적어도 하나의 JAR가 TLD들을 찾기 위해 스캔되었으나 아무 것도 찾지 못했습니다. 스캔했으나 TLD가 없는 JAR들의 전체 목록을 보시려면, 로그 레벨을 디버그 레벨로 설정하십시오. 스캔 과정에서 불필요한 JAR들을 건너뛰면, 시스템 시작 시간과 JSP 컴파일 시간을 단축시킬 수 있습니다.
14-Apr-2024 17:32:12.475 정보 [main] org.apache.catalina.startup.HostConfig.deployDirectory 웹 애플리케이션 디렉토리 [/opt/tomcat/webapps/manager]에 대한 배치가 [114] 밀리초에 완료되었습니다.
14-Apr-2024 17:32:12.477 정보 [main] org.apache.coyote.AbstractProtocol.start 프로토콜 핸들러 ["http-nio-8080"]을(를) 시작합니다.
14-Apr-2024 17:32:12.502 정보 [main] org.apache.catalina.startup.Catalina.start 서버가 [1070] 밀리초 내에 시작되었습니다.
14-Apr-2024 19:29:54.567 정보 [main] org.apache.catalina.core.StandardServer.await 셧다운 포트를 통해 유효한 셧다운 명령을 받았습니다. 서버 인스턴스를 중지시킵니다.
14-Apr-2024 19:29:54.573 정보 [main] org.apache.coyote.AbstractProtocol.pause 프로토콜 핸들러 ["http-nio-8080"]을(를) 일시 정지 중
14-Apr-2024 19:29:54.579 정보 [main] org.apache.catalina.core.StandardService.stopInternal 서비스 [Catalina]을(를) 중지시킵니다.
14-Apr-2024 19:29:54.591 경고 [main] org.apache.catalina.loader.WebappClassLoaderBase.clearReferencesThreads 웹 애플리케이션 [ROOT]이(가) [oracle.jdbc.driver.BlockSource.ThreadedCachingBlockSource.BlockReleaser](이)라는 이름의 쓰레드를 시작시킨 것으로 보이지만, 해당 쓰레드를 중지시키지 못했습니다. 이는 메모리 누수를 유발할 가능성이 큽니다. 해당 쓰레드의 스택 트레이스:
 java.base@11.0.22/java.lang.Object.wait(Native Method)
 oracle.jdbc.driver.BlockSource$ThreadedCachingBlockSource$BlockReleaser.run(BlockSource.java:331)
14-Apr-2024 19:29:54.592 경고 [main] org.apache.catalina.loader.WebappClassLoaderBase.clearReferencesThreads 웹 애플리케이션 [ROOT]이(가) [InterruptTimer](이)라는 이름의 쓰레드를 시작시킨 것으로 보이지만, 해당 쓰레드를 중지시키지 못했습니다. 이는 메모리 누수를 유발할 가능성이 큽니다. 해당 쓰레드의 스택 트레이스:
 java.base@11.0.22/java.lang.Object.wait(Native Method)
 java.base@11.0.22/java.util.TimerThread.mainLoop(Timer.java:553)
 java.base@11.0.22/java.util.TimerThread.run(Timer.java:506)
14-Apr-2024 19:29:54.619 정보 [main] org.apache.coyote.AbstractProtocol.stop 프로토콜 핸들러 ["http-nio-8080"]을(를) 중지시킵니다.
14-Apr-2024 19:29:54.639 정보 [main] org.apache.coyote.AbstractProtocol.destroy 프로토콜 핸들러 ["http-nio-8080"]을(를) 소멸시킵니다.
14-Apr-2024 19:29:56.107 정보 [main] org.apache.catalina.startup.VersionLoggerListener.log 서버 버전 이름:    Apache Tomcat/10.1.20
14-Apr-2024 19:29:56.110 정보 [main] org.apache.catalina.startup.VersionLoggerListener.log Server 빌드 시각:  Mar 19 2024 12:49:58 UTC
14-Apr-2024 19:29:56.110 정보 [main] org.apache.catalina.startup.VersionLoggerListener.log Server 버전 번호:  10.1.20.0
14-Apr-2024 19:29:56.110 정보 [main] org.apache.catalina.startup.VersionLoggerListener.log 운영체제 이름:     Linux
14-Apr-2024 19:29:56.110 정보 [main] org.apache.catalina.startup.VersionLoggerListener.log 운영체제 버전:     5.14.0-362.24.1.el9_3.0.1.x86_64
14-Apr-2024 19:29:56.110 정보 [main] org.apache.catalina.startup.VersionLoggerListener.log 아키텍처:          amd64
14-Apr-2024 19:29:56.110 정보 [main] org.apache.catalina.startup.VersionLoggerListener.log 자바 홈:           /usr/lib/jvm/java-11-openjdk-11.0.22.0.7-2.el9.x86_64
14-Apr-2024 19:29:56.111 정보 [main] org.apache.catalina.startup.VersionLoggerListener.log JVM 버전:          11.0.22+7-LTS
14-Apr-2024 19:29:56.111 정보 [main] org.apache.catalina.startup.VersionLoggerListener.log JVM 벤더:          Red Hat, Inc.
14-Apr-2024 19:29:56.111 정보 [main] org.apache.catalina.startup.VersionLoggerListener.log CATALINA_BASE:     /opt/tomcat
14-Apr-2024 19:29:56.111 정보 [main] org.apache.catalina.startup.VersionLoggerListener.log CATALINA_HOME:     /opt/tomcat
14-Apr-2024 19:29:56.131 정보 [main] org.apache.catalina.startup.VersionLoggerListener.log 명령 행 아규먼트:  -Djava.util.logging.config.file=/opt/tomcat/conf/logging.properties
14-Apr-2024 19:29:56.131 정보 [main] org.apache.catalina.startup.VersionLoggerListener.log 명령 행 아규먼트:  -Djava.util.logging.manager=org.apache.juli.ClassLoaderLogManager
14-Apr-2024 19:29:56.131 정보 [main] org.apache.catalina.startup.VersionLoggerListener.log 명령 행 아규먼트:  -Djava.awt.headless=true
14-Apr-2024 19:29:56.131 정보 [main] org.apache.catalina.startup.VersionLoggerListener.log 명령 행 아규먼트:  -Djava.security.egd=file:/dev/./urandom
14-Apr-2024 19:29:56.131 정보 [main] org.apache.catalina.startup.VersionLoggerListener.log 명령 행 아규먼트:  -Djdk.tls.ephemeralDHKeySize=2048
14-Apr-2024 19:29:56.138 정보 [main] org.apache.catalina.startup.VersionLoggerListener.log 명령 행 아규먼트:  -Djava.protocol.handler.pkgs=org.apache.catalina.webresources
14-Apr-2024 19:29:56.138 정보 [main] org.apache.catalina.startup.VersionLoggerListener.log 명령 행 아규먼트:  -Dorg.apache.catalina.security.SecurityListener.UMASK=0027
14-Apr-2024 19:29:56.138 정보 [main] org.apache.catalina.startup.VersionLoggerListener.log 명령 행 아규먼트:  --add-opens=java.base/java.lang=ALL-UNNAMED
14-Apr-2024 19:29:56.138 정보 [main] org.apache.catalina.startup.VersionLoggerListener.log 명령 행 아규먼트:  --add-opens=java.base/java.io=ALL-UNNAMED
14-Apr-2024 19:29:56.138 정보 [main] org.apache.catalina.startup.VersionLoggerListener.log 명령 행 아규먼트:  --add-opens=java.base/java.util=ALL-UNNAMED
14-Apr-2024 19:29:56.139 정보 [main] org.apache.catalina.startup.VersionLoggerListener.log 명령 행 아규먼트:  --add-opens=java.base/java.util.concurrent=ALL-UNNAMED
14-Apr-2024 19:29:56.139 정보 [main] org.apache.catalina.startup.VersionLoggerListener.log 명령 행 아규먼트:  --add-opens=java.rmi/sun.rmi.transport=ALL-UNNAMED
14-Apr-2024 19:29:56.139 정보 [main] org.apache.catalina.startup.VersionLoggerListener.log 명령 행 아규먼트:  -Xms512M
14-Apr-2024 19:29:56.139 정보 [main] org.apache.catalina.startup.VersionLoggerListener.log 명령 행 아규먼트:  -Xmx1024M
14-Apr-2024 19:29:56.139 정보 [main] org.apache.catalina.startup.VersionLoggerListener.log 명령 행 아규먼트:  -XX:+UseParallelGC
14-Apr-2024 19:29:56.139 정보 [main] org.apache.catalina.startup.VersionLoggerListener.log 명령 행 아규먼트:  -Dcatalina.base=/opt/tomcat
14-Apr-2024 19:29:56.139 정보 [main] org.apache.catalina.startup.VersionLoggerListener.log 명령 행 아규먼트:  -Dcatalina.home=/opt/tomcat
14-Apr-2024 19:29:56.139 정보 [main] org.apache.catalina.startup.VersionLoggerListener.log 명령 행 아규먼트:  -Djava.io.tmpdir=/opt/tomcat/temp
14-Apr-2024 19:29:56.140 정보 [main] org.apache.catalina.core.AprLifecycleListener.lifecycleEvent 프로덕션 환경들에서 최적의 성능을 제공하는, APR 기반 Apache Tomcat Native 라이브러리가, 다음 java.library.path에서 발견되지 않습니다: [/usr/java/packages/lib:/usr/lib64:/lib64:/lib:/usr/lib]
14-Apr-2024 19:29:56.397 정보 [main] org.apache.coyote.AbstractProtocol.init 프로토콜 핸들러 ["http-nio-8080"]을(를) 초기화합니다.
14-Apr-2024 19:29:56.448 정보 [main] org.apache.catalina.startup.Catalina.load [523] 밀리초 내에 서버가 초기화되었습니다.
14-Apr-2024 19:29:56.507 정보 [main] org.apache.catalina.core.StandardService.startInternal 서비스 [Catalina]을(를) 시작합니다.
14-Apr-2024 19:29:56.508 정보 [main] org.apache.catalina.core.StandardEngine.startInternal 서버 엔진을 시작합니다: [Apache Tomcat/10.1.20]
14-Apr-2024 19:29:56.515 심각 [main] org.apache.catalina.startup.HostConfig.beforeStart 배치를 위한 디렉토리 [/opt/tomcat/conf/Catalina/localhost]을(를) 생성할 수 없습니다.
14-Apr-2024 19:29:56.521 정보 [main] org.apache.catalina.startup.HostConfig.deployDirectory 웹 애플리케이션 디렉토리 [/opt/tomcat/webapps/ROOT]을(를) 배치합니다.
14-Apr-2024 19:29:57.374 정보 [main] org.apache.jasper.servlet.TldScanner.scanJars 적어도 하나의 JAR가 TLD들을 찾기 위해 스캔되었으나 아무 것도 찾지 못했습니다. 스캔했으나 TLD가 없는 JAR들의 전체 목록을 보시려면, 로그 레벨을 디버그 레벨로 설정하십시오. 스캔 과정에서 불필요한 JAR들을 건너뛰면, 시스템 시작 시간과 JSP 컴파일 시간을 단축시킬 수 있습니다.
14-Apr-2024 19:29:57.473 정보 [main] org.apache.catalina.startup.HostConfig.deployDirectory 웹 애플리케이션 디렉토리 [/opt/tomcat/webapps/ROOT]에 대한 배치가 [950] 밀리초에 완료되었습니다.
14-Apr-2024 19:29:57.473 정보 [main] org.apache.catalina.startup.HostConfig.deployDirectory 웹 애플리케이션 디렉토리 [/opt/tomcat/webapps/docs]을(를) 배치합니다.
14-Apr-2024 19:29:57.628 정보 [main] org.apache.jasper.servlet.TldScanner.scanJars 적어도 하나의 JAR가 TLD들을 찾기 위해 스캔되었으나 아무 것도 찾지 못했습니다. 스캔했으나 TLD가 없는 JAR들의 전체 목록을 보시려면, 로그 레벨을 디버그 레벨로 설정하십시오. 스캔 과정에서 불필요한 JAR들을 건너뛰면, 시스템 시작 시간과 JSP 컴파일 시간을 단축시킬 수 있습니다.
14-Apr-2024 19:29:57.630 정보 [main] org.apache.catalina.startup.HostConfig.deployDirectory 웹 애플리케이션 디렉토리 [/opt/tomcat/webapps/docs]에 대한 배치가 [157] 밀리초에 완료되었습니다.
14-Apr-2024 19:29:57.631 정보 [main] org.apache.catalina.startup.HostConfig.deployDirectory 웹 애플리케이션 디렉토리 [/opt/tomcat/webapps/examples]을(를) 배치합니다.
14-Apr-2024 19:29:57.915 정보 [main] org.apache.jasper.servlet.TldScanner.scanJars 적어도 하나의 JAR가 TLD들을 찾기 위해 스캔되었으나 아무 것도 찾지 못했습니다. 스캔했으나 TLD가 없는 JAR들의 전체 목록을 보시려면, 로그 레벨을 디버그 레벨로 설정하십시오. 스캔 과정에서 불필요한 JAR들을 건너뛰면, 시스템 시작 시간과 JSP 컴파일 시간을 단축시킬 수 있습니다.
14-Apr-2024 19:29:57.953 정보 [main] org.apache.catalina.startup.HostConfig.deployDirectory 웹 애플리케이션 디렉토리 [/opt/tomcat/webapps/examples]에 대한 배치가 [323] 밀리초에 완료되었습니다.
14-Apr-2024 19:29:57.953 정보 [main] org.apache.catalina.startup.HostConfig.deployDirectory 웹 애플리케이션 디렉토리 [/opt/tomcat/webapps/host-manager]을(를) 배치합니다.
14-Apr-2024 19:29:58.072 정보 [main] org.apache.jasper.servlet.TldScanner.scanJars 적어도 하나의 JAR가 TLD들을 찾기 위해 스캔되었으나 아무 것도 찾지 못했습니다. 스캔했으나 TLD가 없는 JAR들의 전체 목록을 보시려면, 로그 레벨을 디버그 레벨로 설정하십시오. 스캔 과정에서 불필요한 JAR들을 건너뛰면, 시스템 시작 시간과 JSP 컴파일 시간을 단축시킬 수 있습니다.
14-Apr-2024 19:29:58.077 정보 [main] org.apache.catalina.startup.HostConfig.deployDirectory 웹 애플리케이션 디렉토리 [/opt/tomcat/webapps/host-manager]에 대한 배치가 [124] 밀리초에 완료되었습니다.
14-Apr-2024 19:29:58.077 정보 [main] org.apache.catalina.startup.HostConfig.deployDirectory 웹 애플리케이션 디렉토리 [/opt/tomcat/webapps/manager]을(를) 배치합니다.
14-Apr-2024 19:29:58.190 정보 [main] org.apache.jasper.servlet.TldScanner.scanJars 적어도 하나의 JAR가 TLD들을 찾기 위해 스캔되었으나 아무 것도 찾지 못했습니다. 스캔했으나 TLD가 없는 JAR들의 전체 목록을 보시려면, 로그 레벨을 디버그 레벨로 설정하십시오. 스캔 과정에서 불필요한 JAR들을 건너뛰면, 시스템 시작 시간과 JSP 컴파일 시간을 단축시킬 수 있습니다.
14-Apr-2024 19:29:58.193 정보 [main] org.apache.catalina.startup.HostConfig.deployDirectory 웹 애플리케이션 디렉토리 [/opt/tomcat/webapps/manager]에 대한 배치가 [116] 밀리초에 완료되었습니다.
14-Apr-2024 19:29:58.201 정보 [main] org.apache.coyote.AbstractProtocol.start 프로토콜 핸들러 ["http-nio-8080"]을(를) 시작합니다.
14-Apr-2024 19:29:58.227 정보 [main] org.apache.catalina.startup.Catalina.start 서버가 [1778] 밀리초 내에 시작되었습니다.
14-Apr-2024 23:45:03.015 정보 [main] org.apache.catalina.core.StandardServer.await 셧다운 포트를 통해 유효한 셧다운 명령을 받았습니다. 서버 인스턴스를 중지시킵니다.
14-Apr-2024 23:45:03.018 정보 [main] org.apache.coyote.AbstractProtocol.pause 프로토콜 핸들러 ["http-nio-8080"]을(를) 일시 정지 중
14-Apr-2024 23:45:03.023 정보 [main] org.apache.catalina.core.StandardService.stopInternal 서비스 [Catalina]을(를) 중지시킵니다.
14-Apr-2024 23:45:03.077 정보 [main] org.apache.coyote.AbstractProtocol.stop 프로토콜 핸들러 ["http-nio-8080"]을(를) 중지시킵니다.
14-Apr-2024 23:45:03.094 정보 [main] org.apache.coyote.AbstractProtocol.destroy 프로토콜 핸들러 ["http-nio-8080"]을(를) 소멸시킵니다.
14-Apr-2024 23:45:04.429 정보 [main] org.apache.catalina.startup.VersionLoggerListener.log 서버 버전 이름:    Apache Tomcat/10.1.20
14-Apr-2024 23:45:04.435 정보 [main] org.apache.catalina.startup.VersionLoggerListener.log Server 빌드 시각:  Mar 19 2024 12:49:58 UTC
14-Apr-2024 23:45:04.436 정보 [main] org.apache.catalina.startup.VersionLoggerListener.log Server 버전 번호:  10.1.20.0
14-Apr-2024 23:45:04.436 정보 [main] org.apache.catalina.startup.VersionLoggerListener.log 운영체제 이름:     Linux
14-Apr-2024 23:45:04.436 정보 [main] org.apache.catalina.startup.VersionLoggerListener.log 운영체제 버전:     5.14.0-362.24.1.el9_3.0.1.x86_64
14-Apr-2024 23:45:04.436 정보 [main] org.apache.catalina.startup.VersionLoggerListener.log 아키텍처:          amd64
14-Apr-2024 23:45:04.436 정보 [main] org.apache.catalina.startup.VersionLoggerListener.log 자바 홈:           /usr/lib/jvm/java-11-openjdk-11.0.22.0.7-2.el9.x86_64
14-Apr-2024 23:45:04.436 정보 [main] org.apache.catalina.startup.VersionLoggerListener.log JVM 버전:          11.0.22+7-LTS
14-Apr-2024 23:45:04.436 정보 [main] org.apache.catalina.startup.VersionLoggerListener.log JVM 벤더:          Red Hat, Inc.
14-Apr-2024 23:45:04.436 정보 [main] org.apache.catalina.startup.VersionLoggerListener.log CATALINA_BASE:     /opt/tomcat
14-Apr-2024 23:45:04.436 정보 [main] org.apache.catalina.startup.VersionLoggerListener.log CATALINA_HOME:     /opt/tomcat
14-Apr-2024 23:45:04.456 정보 [main] org.apache.catalina.startup.VersionLoggerListener.log 명령 행 아규먼트:  -Djava.util.logging.config.file=/opt/tomcat/conf/logging.properties
14-Apr-2024 23:45:04.456 정보 [main] org.apache.catalina.startup.VersionLoggerListener.log 명령 행 아규먼트:  -Djava.util.logging.manager=org.apache.juli.ClassLoaderLogManager
14-Apr-2024 23:45:04.456 정보 [main] org.apache.catalina.startup.VersionLoggerListener.log 명령 행 아규먼트:  -Djava.awt.headless=true
14-Apr-2024 23:45:04.456 정보 [main] org.apache.catalina.startup.VersionLoggerListener.log 명령 행 아규먼트:  -Djava.security.egd=file:/dev/./urandom
14-Apr-2024 23:45:04.456 정보 [main] org.apache.catalina.startup.VersionLoggerListener.log 명령 행 아규먼트:  -Djdk.tls.ephemeralDHKeySize=2048
14-Apr-2024 23:45:04.456 정보 [main] org.apache.catalina.startup.VersionLoggerListener.log 명령 행 아규먼트:  -Djava.protocol.handler.pkgs=org.apache.catalina.webresources
14-Apr-2024 23:45:04.456 정보 [main] org.apache.catalina.startup.VersionLoggerListener.log 명령 행 아규먼트:  -Dorg.apache.catalina.security.SecurityListener.UMASK=0027
14-Apr-2024 23:45:04.456 정보 [main] org.apache.catalina.startup.VersionLoggerListener.log 명령 행 아규먼트:  --add-opens=java.base/java.lang=ALL-UNNAMED
14-Apr-2024 23:45:04.456 정보 [main] org.apache.catalina.startup.VersionLoggerListener.log 명령 행 아규먼트:  --add-opens=java.base/java.io=ALL-UNNAMED
14-Apr-2024 23:45:04.456 정보 [main] org.apache.catalina.startup.VersionLoggerListener.log 명령 행 아규먼트:  --add-opens=java.base/java.util=ALL-UNNAMED
14-Apr-2024 23:45:04.457 정보 [main] org.apache.catalina.startup.VersionLoggerListener.log 명령 행 아규먼트:  --add-opens=java.base/java.util.concurrent=ALL-UNNAMED
14-Apr-2024 23:45:04.457 정보 [main] org.apache.catalina.startup.VersionLoggerListener.log 명령 행 아규먼트:  --add-opens=java.rmi/sun.rmi.transport=ALL-UNNAMED
14-Apr-2024 23:45:04.457 정보 [main] org.apache.catalina.startup.VersionLoggerListener.log 명령 행 아규먼트:  -Xms512M
14-Apr-2024 23:45:04.457 정보 [main] org.apache.catalina.startup.VersionLoggerListener.log 명령 행 아규먼트:  -Xmx1024M
14-Apr-2024 23:45:04.457 정보 [main] org.apache.catalina.startup.VersionLoggerListener.log 명령 행 아규먼트:  -XX:+UseParallelGC
14-Apr-2024 23:45:04.457 정보 [main] org.apache.catalina.startup.VersionLoggerListener.log 명령 행 아규먼트:  -Dcatalina.base=/opt/tomcat
14-Apr-2024 23:45:04.457 정보 [main] org.apache.catalina.startup.VersionLoggerListener.log 명령 행 아규먼트:  -Dcatalina.home=/opt/tomcat
14-Apr-2024 23:45:04.457 정보 [main] org.apache.catalina.startup.VersionLoggerListener.log 명령 행 아규먼트:  -Djava.io.tmpdir=/opt/tomcat/temp
14-Apr-2024 23:45:04.458 정보 [main] org.apache.catalina.core.AprLifecycleListener.lifecycleEvent 프로덕션 환경들에서 최적의 성능을 제공하는, APR 기반 Apache Tomcat Native 라이브러리가, 다음 java.library.path에서 발견되지 않습니다: [/usr/java/packages/lib:/usr/lib64:/lib64:/lib:/usr/lib]
14-Apr-2024 23:45:04.787 정보 [main] org.apache.coyote.AbstractProtocol.init 프로토콜 핸들러 ["http-nio-8080"]을(를) 초기화합니다.
14-Apr-2024 23:45:04.823 정보 [main] org.apache.catalina.startup.Catalina.load [565] 밀리초 내에 서버가 초기화되었습니다.
14-Apr-2024 23:45:04.883 정보 [main] org.apache.catalina.core.StandardService.startInternal 서비스 [Catalina]을(를) 시작합니다.
14-Apr-2024 23:45:04.883 정보 [main] org.apache.catalina.core.StandardEngine.startInternal 서버 엔진을 시작합니다: [Apache Tomcat/10.1.20]
14-Apr-2024 23:45:04.891 심각 [main] org.apache.catalina.startup.HostConfig.beforeStart 배치를 위한 디렉토리 [/opt/tomcat/conf/Catalina/localhost]을(를) 생성할 수 없습니다.
14-Apr-2024 23:45:04.897 정보 [main] org.apache.catalina.startup.HostConfig.deployDirectory 웹 애플리케이션 디렉토리 [/opt/tomcat/webapps/ROOT]을(를) 배치합니다.
14-Apr-2024 23:45:05.647 정보 [main] org.apache.jasper.servlet.TldScanner.scanJars 적어도 하나의 JAR가 TLD들을 찾기 위해 스캔되었으나 아무 것도 찾지 못했습니다. 스캔했으나 TLD가 없는 JAR들의 전체 목록을 보시려면, 로그 레벨을 디버그 레벨로 설정하십시오. 스캔 과정에서 불필요한 JAR들을 건너뛰면, 시스템 시작 시간과 JSP 컴파일 시간을 단축시킬 수 있습니다.
14-Apr-2024 23:45:05.738 정보 [main] org.apache.catalina.startup.HostConfig.deployDirectory 웹 애플리케이션 디렉토리 [/opt/tomcat/webapps/ROOT]에 대한 배치가 [836] 밀리초에 완료되었습니다.
14-Apr-2024 23:45:05.739 정보 [main] org.apache.catalina.startup.HostConfig.deployDirectory 웹 애플리케이션 디렉토리 [/opt/tomcat/webapps/docs]을(를) 배치합니다.
14-Apr-2024 23:45:05.918 정보 [main] org.apache.jasper.servlet.TldScanner.scanJars 적어도 하나의 JAR가 TLD들을 찾기 위해 스캔되었으나 아무 것도 찾지 못했습니다. 스캔했으나 TLD가 없는 JAR들의 전체 목록을 보시려면, 로그 레벨을 디버그 레벨로 설정하십시오. 스캔 과정에서 불필요한 JAR들을 건너뛰면, 시스템 시작 시간과 JSP 컴파일 시간을 단축시킬 수 있습니다.
14-Apr-2024 23:45:05.927 정보 [main] org.apache.catalina.startup.HostConfig.deployDirectory 웹 애플리케이션 디렉토리 [/opt/tomcat/webapps/docs]에 대한 배치가 [188] 밀리초에 완료되었습니다.
14-Apr-2024 23:45:05.927 정보 [main] org.apache.catalina.startup.HostConfig.deployDirectory 웹 애플리케이션 디렉토리 [/opt/tomcat/webapps/examples]을(를) 배치합니다.
14-Apr-2024 23:45:06.210 정보 [main] org.apache.jasper.servlet.TldScanner.scanJars 적어도 하나의 JAR가 TLD들을 찾기 위해 스캔되었으나 아무 것도 찾지 못했습니다. 스캔했으나 TLD가 없는 JAR들의 전체 목록을 보시려면, 로그 레벨을 디버그 레벨로 설정하십시오. 스캔 과정에서 불필요한 JAR들을 건너뛰면, 시스템 시작 시간과 JSP 컴파일 시간을 단축시킬 수 있습니다.
14-Apr-2024 23:45:06.243 정보 [main] org.apache.catalina.startup.HostConfig.deployDirectory 웹 애플리케이션 디렉토리 [/opt/tomcat/webapps/examples]에 대한 배치가 [316] 밀리초에 완료되었습니다.
14-Apr-2024 23:45:06.244 정보 [main] org.apache.catalina.startup.HostConfig.deployDirectory 웹 애플리케이션 디렉토리 [/opt/tomcat/webapps/host-manager]을(를) 배치합니다.
14-Apr-2024 23:45:06.360 정보 [main] org.apache.jasper.servlet.TldScanner.scanJars 적어도 하나의 JAR가 TLD들을 찾기 위해 스캔되었으나 아무 것도 찾지 못했습니다. 스캔했으나 TLD가 없는 JAR들의 전체 목록을 보시려면, 로그 레벨을 디버그 레벨로 설정하십시오. 스캔 과정에서 불필요한 JAR들을 건너뛰면, 시스템 시작 시간과 JSP 컴파일 시간을 단축시킬 수 있습니다.
14-Apr-2024 23:45:06.366 정보 [main] org.apache.catalina.startup.HostConfig.deployDirectory 웹 애플리케이션 디렉토리 [/opt/tomcat/webapps/host-manager]에 대한 배치가 [122] 밀리초에 완료되었습니다.
14-Apr-2024 23:45:06.366 정보 [main] org.apache.catalina.startup.HostConfig.deployDirectory 웹 애플리케이션 디렉토리 [/opt/tomcat/webapps/manager]을(를) 배치합니다.
14-Apr-2024 23:45:06.509 정보 [main] org.apache.jasper.servlet.TldScanner.scanJars 적어도 하나의 JAR가 TLD들을 찾기 위해 스캔되었으나 아무 것도 찾지 못했습니다. 스캔했으나 TLD가 없는 JAR들의 전체 목록을 보시려면, 로그 레벨을 디버그 레벨로 설정하십시오. 스캔 과정에서 불필요한 JAR들을 건너뛰면, 시스템 시작 시간과 JSP 컴파일 시간을 단축시킬 수 있습니다.
14-Apr-2024 23:45:06.511 정보 [main] org.apache.catalina.startup.HostConfig.deployDirectory 웹 애플리케이션 디렉토리 [/opt/tomcat/webapps/manager]에 대한 배치가 [145] 밀리초에 완료되었습니다.
14-Apr-2024 23:45:06.518 정보 [main] org.apache.coyote.AbstractProtocol.start 프로토콜 핸들러 ["http-nio-8080"]을(를) 시작합니다.
14-Apr-2024 23:45:06.537 정보 [main] org.apache.catalina.startup.Catalina.start 서버가 [1712] 밀리초 내에 시작되었습니다.
