31-May-2024 14:08:58.816 정보 [main] org.apache.catalina.startup.VersionLoggerListener.log 서버 버전 이름:    Apache Tomcat/10.1.20
31-May-2024 14:08:58.838 정보 [main] org.apache.catalina.startup.VersionLoggerListener.log Server 빌드 시각:  Mar 19 2024 12:49:58 UTC
31-May-2024 14:08:58.838 정보 [main] org.apache.catalina.startup.VersionLoggerListener.log Server 버전 번호:  10.1.20.0
31-May-2024 14:08:58.838 정보 [main] org.apache.catalina.startup.VersionLoggerListener.log 운영체제 이름:     Linux
31-May-2024 14:08:58.839 정보 [main] org.apache.catalina.startup.VersionLoggerListener.log 운영체제 버전:     5.14.0-362.24.1.el9_3.0.1.x86_64
31-May-2024 14:08:58.839 정보 [main] org.apache.catalina.startup.VersionLoggerListener.log 아키텍처:          amd64
31-May-2024 14:08:58.839 정보 [main] org.apache.catalina.startup.VersionLoggerListener.log 자바 홈:           /usr/lib/jvm/java-11-openjdk-11.0.22.0.7-2.el9.x86_64
31-May-2024 14:08:58.839 정보 [main] org.apache.catalina.startup.VersionLoggerListener.log JVM 버전:          11.0.22+7-LTS
31-May-2024 14:08:58.839 정보 [main] org.apache.catalina.startup.VersionLoggerListener.log JVM 벤더:          Red Hat, Inc.
31-May-2024 14:08:58.839 정보 [main] org.apache.catalina.startup.VersionLoggerListener.log CATALINA_BASE:     /opt/tomcat
31-May-2024 14:08:58.839 정보 [main] org.apache.catalina.startup.VersionLoggerListener.log CATALINA_HOME:     /opt/tomcat
31-May-2024 14:08:58.905 정보 [main] org.apache.catalina.startup.VersionLoggerListener.log 명령 행 아규먼트:  -Djava.util.logging.config.file=/opt/tomcat/conf/logging.properties
31-May-2024 14:08:58.905 정보 [main] org.apache.catalina.startup.VersionLoggerListener.log 명령 행 아규먼트:  -Djava.util.logging.manager=org.apache.juli.ClassLoaderLogManager
31-May-2024 14:08:58.905 정보 [main] org.apache.catalina.startup.VersionLoggerListener.log 명령 행 아규먼트:  -Djava.awt.headless=true
31-May-2024 14:08:58.905 정보 [main] org.apache.catalina.startup.VersionLoggerListener.log 명령 행 아규먼트:  -Djava.security.egd=file:/dev/./urandom
31-May-2024 14:08:58.905 정보 [main] org.apache.catalina.startup.VersionLoggerListener.log 명령 행 아규먼트:  -Djdk.tls.ephemeralDHKeySize=2048
31-May-2024 14:08:58.905 정보 [main] org.apache.catalina.startup.VersionLoggerListener.log 명령 행 아규먼트:  -Djava.protocol.handler.pkgs=org.apache.catalina.webresources
31-May-2024 14:08:58.905 정보 [main] org.apache.catalina.startup.VersionLoggerListener.log 명령 행 아규먼트:  -Dorg.apache.catalina.security.SecurityListener.UMASK=0027
31-May-2024 14:08:58.905 정보 [main] org.apache.catalina.startup.VersionLoggerListener.log 명령 행 아규먼트:  --add-opens=java.base/java.lang=ALL-UNNAMED
31-May-2024 14:08:58.905 정보 [main] org.apache.catalina.startup.VersionLoggerListener.log 명령 행 아규먼트:  --add-opens=java.base/java.io=ALL-UNNAMED
31-May-2024 14:08:58.905 정보 [main] org.apache.catalina.startup.VersionLoggerListener.log 명령 행 아규먼트:  --add-opens=java.base/java.util=ALL-UNNAMED
31-May-2024 14:08:58.905 정보 [main] org.apache.catalina.startup.VersionLoggerListener.log 명령 행 아규먼트:  --add-opens=java.base/java.util.concurrent=ALL-UNNAMED
31-May-2024 14:08:58.905 정보 [main] org.apache.catalina.startup.VersionLoggerListener.log 명령 행 아규먼트:  --add-opens=java.rmi/sun.rmi.transport=ALL-UNNAMED
31-May-2024 14:08:58.905 정보 [main] org.apache.catalina.startup.VersionLoggerListener.log 명령 행 아규먼트:  -Xms512M
31-May-2024 14:08:58.905 정보 [main] org.apache.catalina.startup.VersionLoggerListener.log 명령 행 아규먼트:  -Xmx1024M
31-May-2024 14:08:58.905 정보 [main] org.apache.catalina.startup.VersionLoggerListener.log 명령 행 아규먼트:  -XX:+UseParallelGC
31-May-2024 14:08:58.905 정보 [main] org.apache.catalina.startup.VersionLoggerListener.log 명령 행 아규먼트:  -Dcatalina.base=/opt/tomcat
31-May-2024 14:08:58.906 정보 [main] org.apache.catalina.startup.VersionLoggerListener.log 명령 행 아규먼트:  -Dcatalina.home=/opt/tomcat
31-May-2024 14:08:58.906 정보 [main] org.apache.catalina.startup.VersionLoggerListener.log 명령 행 아규먼트:  -Djava.io.tmpdir=/opt/tomcat/temp
31-May-2024 14:08:58.906 정보 [main] org.apache.catalina.core.AprLifecycleListener.lifecycleEvent 프로덕션 환경들에서 최적의 성능을 제공하는, APR 기반 Apache Tomcat Native 라이브러리가, 다음 java.library.path에서 발견되지 않습니다: [/usr/java/packages/lib:/usr/lib64:/lib64:/lib:/usr/lib]
31-May-2024 14:08:59.820 정보 [main] org.apache.coyote.AbstractProtocol.init 프로토콜 핸들러 ["http-nio-8080"]을(를) 초기화합니다.
31-May-2024 14:08:59.911 정보 [main] org.apache.catalina.startup.Catalina.load [1730] 밀리초 내에 서버가 초기화되었습니다.
31-May-2024 14:09:00.031 정보 [main] org.apache.catalina.core.StandardService.startInternal 서비스 [Catalina]을(를) 시작합니다.
31-May-2024 14:09:00.031 정보 [main] org.apache.catalina.core.StandardEngine.startInternal 서버 엔진을 시작합니다: [Apache Tomcat/10.1.20]
31-May-2024 14:09:00.043 심각 [main] org.apache.catalina.startup.HostConfig.beforeStart 배치를 위한 디렉토리 [/opt/tomcat/conf/Catalina/localhost]을(를) 생성할 수 없습니다.
31-May-2024 14:09:00.055 정보 [main] org.apache.catalina.startup.HostConfig.deployDirectory 웹 애플리케이션 디렉토리 [/opt/tomcat/webapps/ROOT]을(를) 배치합니다.
31-May-2024 14:09:01.913 정보 [main] org.apache.jasper.servlet.TldScanner.scanJars 적어도 하나의 JAR가 TLD들을 찾기 위해 스캔되었으나 아무 것도 찾지 못했습니다. 스캔했으나 TLD가 없는 JAR들의 전체 목록을 보시려면, 로그 레벨을 디버그 레벨로 설정하십시오. 스캔 과정에서 불필요한 JAR들을 건너뛰면, 시스템 시작 시간과 JSP 컴파일 시간을 단축시킬 수 있습니다.
31-May-2024 14:09:02.022 정보 [main] org.apache.catalina.startup.HostConfig.deployDirectory 웹 애플리케이션 디렉토리 [/opt/tomcat/webapps/ROOT]에 대한 배치가 [1,958] 밀리초에 완료되었습니다.
31-May-2024 14:09:02.023 정보 [main] org.apache.catalina.startup.HostConfig.deployDirectory 웹 애플리케이션 디렉토리 [/opt/tomcat/webapps/docs]을(를) 배치합니다.
31-May-2024 14:09:02.360 정보 [main] org.apache.jasper.servlet.TldScanner.scanJars 적어도 하나의 JAR가 TLD들을 찾기 위해 스캔되었으나 아무 것도 찾지 못했습니다. 스캔했으나 TLD가 없는 JAR들의 전체 목록을 보시려면, 로그 레벨을 디버그 레벨로 설정하십시오. 스캔 과정에서 불필요한 JAR들을 건너뛰면, 시스템 시작 시간과 JSP 컴파일 시간을 단축시킬 수 있습니다.
31-May-2024 14:09:02.362 정보 [main] org.apache.catalina.startup.HostConfig.deployDirectory 웹 애플리케이션 디렉토리 [/opt/tomcat/webapps/docs]에 대한 배치가 [339] 밀리초에 완료되었습니다.
31-May-2024 14:09:02.363 정보 [main] org.apache.catalina.startup.HostConfig.deployDirectory 웹 애플리케이션 디렉토리 [/opt/tomcat/webapps/examples]을(를) 배치합니다.
31-May-2024 14:09:02.673 정보 [main] org.apache.jasper.servlet.TldScanner.scanJars 적어도 하나의 JAR가 TLD들을 찾기 위해 스캔되었으나 아무 것도 찾지 못했습니다. 스캔했으나 TLD가 없는 JAR들의 전체 목록을 보시려면, 로그 레벨을 디버그 레벨로 설정하십시오. 스캔 과정에서 불필요한 JAR들을 건너뛰면, 시스템 시작 시간과 JSP 컴파일 시간을 단축시킬 수 있습니다.
31-May-2024 14:09:02.706 정보 [main] org.apache.catalina.startup.HostConfig.deployDirectory 웹 애플리케이션 디렉토리 [/opt/tomcat/webapps/examples]에 대한 배치가 [343] 밀리초에 완료되었습니다.
31-May-2024 14:09:02.707 정보 [main] org.apache.catalina.startup.HostConfig.deployDirectory 웹 애플리케이션 디렉토리 [/opt/tomcat/webapps/host-manager]을(를) 배치합니다.
31-May-2024 14:09:02.857 정보 [main] org.apache.jasper.servlet.TldScanner.scanJars 적어도 하나의 JAR가 TLD들을 찾기 위해 스캔되었으나 아무 것도 찾지 못했습니다. 스캔했으나 TLD가 없는 JAR들의 전체 목록을 보시려면, 로그 레벨을 디버그 레벨로 설정하십시오. 스캔 과정에서 불필요한 JAR들을 건너뛰면, 시스템 시작 시간과 JSP 컴파일 시간을 단축시킬 수 있습니다.
31-May-2024 14:09:02.867 정보 [main] org.apache.catalina.startup.HostConfig.deployDirectory 웹 애플리케이션 디렉토리 [/opt/tomcat/webapps/host-manager]에 대한 배치가 [161] 밀리초에 완료되었습니다.
31-May-2024 14:09:02.867 정보 [main] org.apache.catalina.startup.HostConfig.deployDirectory 웹 애플리케이션 디렉토리 [/opt/tomcat/webapps/manager]을(를) 배치합니다.
31-May-2024 14:09:02.990 정보 [main] org.apache.jasper.servlet.TldScanner.scanJars 적어도 하나의 JAR가 TLD들을 찾기 위해 스캔되었으나 아무 것도 찾지 못했습니다. 스캔했으나 TLD가 없는 JAR들의 전체 목록을 보시려면, 로그 레벨을 디버그 레벨로 설정하십시오. 스캔 과정에서 불필요한 JAR들을 건너뛰면, 시스템 시작 시간과 JSP 컴파일 시간을 단축시킬 수 있습니다.
31-May-2024 14:09:02.991 정보 [main] org.apache.catalina.startup.HostConfig.deployDirectory 웹 애플리케이션 디렉토리 [/opt/tomcat/webapps/manager]에 대한 배치가 [124] 밀리초에 완료되었습니다.
31-May-2024 14:09:02.994 정보 [main] org.apache.coyote.AbstractProtocol.start 프로토콜 핸들러 ["http-nio-8080"]을(를) 시작합니다.
31-May-2024 14:09:03.022 정보 [main] org.apache.catalina.startup.Catalina.start 서버가 [3111] 밀리초 내에 시작되었습니다.
31-May-2024 14:27:27.322 정보 [main] org.apache.catalina.startup.VersionLoggerListener.log 서버 버전 이름:    Apache Tomcat/10.1.20
31-May-2024 14:27:27.345 정보 [main] org.apache.catalina.startup.VersionLoggerListener.log Server 빌드 시각:  Mar 19 2024 12:49:58 UTC
31-May-2024 14:27:27.345 정보 [main] org.apache.catalina.startup.VersionLoggerListener.log Server 버전 번호:  10.1.20.0
31-May-2024 14:27:27.345 정보 [main] org.apache.catalina.startup.VersionLoggerListener.log 운영체제 이름:     Linux
31-May-2024 14:27:27.346 정보 [main] org.apache.catalina.startup.VersionLoggerListener.log 운영체제 버전:     5.14.0-362.24.1.el9_3.0.1.x86_64
31-May-2024 14:27:27.346 정보 [main] org.apache.catalina.startup.VersionLoggerListener.log 아키텍처:          amd64
31-May-2024 14:27:27.346 정보 [main] org.apache.catalina.startup.VersionLoggerListener.log 자바 홈:           /usr/lib/jvm/java-11-openjdk-11.0.22.0.7-2.el9.x86_64
31-May-2024 14:27:27.346 정보 [main] org.apache.catalina.startup.VersionLoggerListener.log JVM 버전:          11.0.22+7-LTS
31-May-2024 14:27:27.346 정보 [main] org.apache.catalina.startup.VersionLoggerListener.log JVM 벤더:          Red Hat, Inc.
31-May-2024 14:27:27.346 정보 [main] org.apache.catalina.startup.VersionLoggerListener.log CATALINA_BASE:     /opt/tomcat
31-May-2024 14:27:27.346 정보 [main] org.apache.catalina.startup.VersionLoggerListener.log CATALINA_HOME:     /opt/tomcat
31-May-2024 14:27:27.416 정보 [main] org.apache.catalina.startup.VersionLoggerListener.log 명령 행 아규먼트:  -Djava.util.logging.config.file=/opt/tomcat/conf/logging.properties
31-May-2024 14:27:27.416 정보 [main] org.apache.catalina.startup.VersionLoggerListener.log 명령 행 아규먼트:  -Djava.util.logging.manager=org.apache.juli.ClassLoaderLogManager
31-May-2024 14:27:27.416 정보 [main] org.apache.catalina.startup.VersionLoggerListener.log 명령 행 아규먼트:  -Djava.awt.headless=true
31-May-2024 14:27:27.416 정보 [main] org.apache.catalina.startup.VersionLoggerListener.log 명령 행 아규먼트:  -Djava.security.egd=file:/dev/./urandom
31-May-2024 14:27:27.416 정보 [main] org.apache.catalina.startup.VersionLoggerListener.log 명령 행 아규먼트:  -Djdk.tls.ephemeralDHKeySize=2048
31-May-2024 14:27:27.416 정보 [main] org.apache.catalina.startup.VersionLoggerListener.log 명령 행 아규먼트:  -Djava.protocol.handler.pkgs=org.apache.catalina.webresources
31-May-2024 14:27:27.416 정보 [main] org.apache.catalina.startup.VersionLoggerListener.log 명령 행 아규먼트:  -Dorg.apache.catalina.security.SecurityListener.UMASK=0027
31-May-2024 14:27:27.416 정보 [main] org.apache.catalina.startup.VersionLoggerListener.log 명령 행 아규먼트:  --add-opens=java.base/java.lang=ALL-UNNAMED
31-May-2024 14:27:27.416 정보 [main] org.apache.catalina.startup.VersionLoggerListener.log 명령 행 아규먼트:  --add-opens=java.base/java.io=ALL-UNNAMED
31-May-2024 14:27:27.417 정보 [main] org.apache.catalina.startup.VersionLoggerListener.log 명령 행 아규먼트:  --add-opens=java.base/java.util=ALL-UNNAMED
31-May-2024 14:27:27.417 정보 [main] org.apache.catalina.startup.VersionLoggerListener.log 명령 행 아규먼트:  --add-opens=java.base/java.util.concurrent=ALL-UNNAMED
31-May-2024 14:27:27.417 정보 [main] org.apache.catalina.startup.VersionLoggerListener.log 명령 행 아규먼트:  --add-opens=java.rmi/sun.rmi.transport=ALL-UNNAMED
31-May-2024 14:27:27.417 정보 [main] org.apache.catalina.startup.VersionLoggerListener.log 명령 행 아규먼트:  -Xms512M
31-May-2024 14:27:27.417 정보 [main] org.apache.catalina.startup.VersionLoggerListener.log 명령 행 아규먼트:  -Xmx1024M
31-May-2024 14:27:27.417 정보 [main] org.apache.catalina.startup.VersionLoggerListener.log 명령 행 아규먼트:  -XX:+UseParallelGC
31-May-2024 14:27:27.417 정보 [main] org.apache.catalina.startup.VersionLoggerListener.log 명령 행 아규먼트:  -Dcatalina.base=/opt/tomcat
31-May-2024 14:27:27.417 정보 [main] org.apache.catalina.startup.VersionLoggerListener.log 명령 행 아규먼트:  -Dcatalina.home=/opt/tomcat
31-May-2024 14:27:27.417 정보 [main] org.apache.catalina.startup.VersionLoggerListener.log 명령 행 아규먼트:  -Djava.io.tmpdir=/opt/tomcat/temp
31-May-2024 14:27:27.421 정보 [main] org.apache.catalina.core.AprLifecycleListener.lifecycleEvent 프로덕션 환경들에서 최적의 성능을 제공하는, APR 기반 Apache Tomcat Native 라이브러리가, 다음 java.library.path에서 발견되지 않습니다: [/usr/java/packages/lib:/usr/lib64:/lib64:/lib:/usr/lib]
31-May-2024 14:27:28.114 정보 [main] org.apache.coyote.AbstractProtocol.init 프로토콜 핸들러 ["http-nio-8080"]을(를) 초기화합니다.
31-May-2024 14:27:28.217 정보 [main] org.apache.catalina.startup.Catalina.load [1519] 밀리초 내에 서버가 초기화되었습니다.
31-May-2024 14:27:28.414 정보 [main] org.apache.catalina.core.StandardService.startInternal 서비스 [Catalina]을(를) 시작합니다.
31-May-2024 14:27:28.414 정보 [main] org.apache.catalina.core.StandardEngine.startInternal 서버 엔진을 시작합니다: [Apache Tomcat/10.1.20]
31-May-2024 14:27:28.428 심각 [main] org.apache.catalina.startup.HostConfig.beforeStart 배치를 위한 디렉토리 [/opt/tomcat/conf/Catalina/localhost]을(를) 생성할 수 없습니다.
31-May-2024 14:27:28.456 정보 [main] org.apache.catalina.startup.HostConfig.deployDirectory 웹 애플리케이션 디렉토리 [/opt/tomcat/webapps/ROOT]을(를) 배치합니다.
31-May-2024 14:27:30.428 정보 [main] org.apache.jasper.servlet.TldScanner.scanJars 적어도 하나의 JAR가 TLD들을 찾기 위해 스캔되었으나 아무 것도 찾지 못했습니다. 스캔했으나 TLD가 없는 JAR들의 전체 목록을 보시려면, 로그 레벨을 디버그 레벨로 설정하십시오. 스캔 과정에서 불필요한 JAR들을 건너뛰면, 시스템 시작 시간과 JSP 컴파일 시간을 단축시킬 수 있습니다.
31-May-2024 14:27:30.528 정보 [main] org.apache.catalina.startup.HostConfig.deployDirectory 웹 애플리케이션 디렉토리 [/opt/tomcat/webapps/ROOT]에 대한 배치가 [2,066] 밀리초에 완료되었습니다.
31-May-2024 14:27:30.528 정보 [main] org.apache.catalina.startup.HostConfig.deployDirectory 웹 애플리케이션 디렉토리 [/opt/tomcat/webapps/docs]을(를) 배치합니다.
31-May-2024 14:27:30.774 정보 [main] org.apache.jasper.servlet.TldScanner.scanJars 적어도 하나의 JAR가 TLD들을 찾기 위해 스캔되었으나 아무 것도 찾지 못했습니다. 스캔했으나 TLD가 없는 JAR들의 전체 목록을 보시려면, 로그 레벨을 디버그 레벨로 설정하십시오. 스캔 과정에서 불필요한 JAR들을 건너뛰면, 시스템 시작 시간과 JSP 컴파일 시간을 단축시킬 수 있습니다.
31-May-2024 14:27:30.775 정보 [main] org.apache.catalina.startup.HostConfig.deployDirectory 웹 애플리케이션 디렉토리 [/opt/tomcat/webapps/docs]에 대한 배치가 [247] 밀리초에 완료되었습니다.
31-May-2024 14:27:30.776 정보 [main] org.apache.catalina.startup.HostConfig.deployDirectory 웹 애플리케이션 디렉토리 [/opt/tomcat/webapps/examples]을(를) 배치합니다.
31-May-2024 14:27:31.136 정보 [main] org.apache.jasper.servlet.TldScanner.scanJars 적어도 하나의 JAR가 TLD들을 찾기 위해 스캔되었으나 아무 것도 찾지 못했습니다. 스캔했으나 TLD가 없는 JAR들의 전체 목록을 보시려면, 로그 레벨을 디버그 레벨로 설정하십시오. 스캔 과정에서 불필요한 JAR들을 건너뛰면, 시스템 시작 시간과 JSP 컴파일 시간을 단축시킬 수 있습니다.
31-May-2024 14:27:31.163 정보 [main] org.apache.catalina.startup.HostConfig.deployDirectory 웹 애플리케이션 디렉토리 [/opt/tomcat/webapps/examples]에 대한 배치가 [387] 밀리초에 완료되었습니다.
31-May-2024 14:27:31.164 정보 [main] org.apache.catalina.startup.HostConfig.deployDirectory 웹 애플리케이션 디렉토리 [/opt/tomcat/webapps/host-manager]을(를) 배치합니다.
31-May-2024 14:27:31.302 정보 [main] org.apache.jasper.servlet.TldScanner.scanJars 적어도 하나의 JAR가 TLD들을 찾기 위해 스캔되었으나 아무 것도 찾지 못했습니다. 스캔했으나 TLD가 없는 JAR들의 전체 목록을 보시려면, 로그 레벨을 디버그 레벨로 설정하십시오. 스캔 과정에서 불필요한 JAR들을 건너뛰면, 시스템 시작 시간과 JSP 컴파일 시간을 단축시킬 수 있습니다.
31-May-2024 14:27:31.308 정보 [main] org.apache.catalina.startup.HostConfig.deployDirectory 웹 애플리케이션 디렉토리 [/opt/tomcat/webapps/host-manager]에 대한 배치가 [143] 밀리초에 완료되었습니다.
31-May-2024 14:27:31.308 정보 [main] org.apache.catalina.startup.HostConfig.deployDirectory 웹 애플리케이션 디렉토리 [/opt/tomcat/webapps/manager]을(를) 배치합니다.
31-May-2024 14:27:31.559 정보 [main] org.apache.jasper.servlet.TldScanner.scanJars 적어도 하나의 JAR가 TLD들을 찾기 위해 스캔되었으나 아무 것도 찾지 못했습니다. 스캔했으나 TLD가 없는 JAR들의 전체 목록을 보시려면, 로그 레벨을 디버그 레벨로 설정하십시오. 스캔 과정에서 불필요한 JAR들을 건너뛰면, 시스템 시작 시간과 JSP 컴파일 시간을 단축시킬 수 있습니다.
31-May-2024 14:27:31.560 정보 [main] org.apache.catalina.startup.HostConfig.deployDirectory 웹 애플리케이션 디렉토리 [/opt/tomcat/webapps/manager]에 대한 배치가 [252] 밀리초에 완료되었습니다.
31-May-2024 14:27:31.562 정보 [main] org.apache.coyote.AbstractProtocol.start 프로토콜 핸들러 ["http-nio-8080"]을(를) 시작합니다.
31-May-2024 14:27:31.642 정보 [main] org.apache.catalina.startup.Catalina.start 서버가 [3424] 밀리초 내에 시작되었습니다.
31-May-2024 14:45:28.201 정보 [main] org.apache.catalina.startup.VersionLoggerListener.log 서버 버전 이름:    Apache Tomcat/10.1.20
31-May-2024 14:45:28.211 정보 [main] org.apache.catalina.startup.VersionLoggerListener.log Server 빌드 시각:  Mar 19 2024 12:49:58 UTC
31-May-2024 14:45:28.212 정보 [main] org.apache.catalina.startup.VersionLoggerListener.log Server 버전 번호:  10.1.20.0
31-May-2024 14:45:28.212 정보 [main] org.apache.catalina.startup.VersionLoggerListener.log 운영체제 이름:     Linux
31-May-2024 14:45:28.212 정보 [main] org.apache.catalina.startup.VersionLoggerListener.log 운영체제 버전:     5.14.0-362.24.1.el9_3.0.1.x86_64
31-May-2024 14:45:28.212 정보 [main] org.apache.catalina.startup.VersionLoggerListener.log 아키텍처:          amd64
31-May-2024 14:45:28.212 정보 [main] org.apache.catalina.startup.VersionLoggerListener.log 자바 홈:           /usr/lib/jvm/java-11-openjdk-11.0.22.0.7-2.el9.x86_64
31-May-2024 14:45:28.214 정보 [main] org.apache.catalina.startup.VersionLoggerListener.log JVM 버전:          11.0.22+7-LTS
31-May-2024 14:45:28.214 정보 [main] org.apache.catalina.startup.VersionLoggerListener.log JVM 벤더:          Red Hat, Inc.
31-May-2024 14:45:28.215 정보 [main] org.apache.catalina.startup.VersionLoggerListener.log CATALINA_BASE:     /opt/tomcat
31-May-2024 14:45:28.215 정보 [main] org.apache.catalina.startup.VersionLoggerListener.log CATALINA_HOME:     /opt/tomcat
31-May-2024 14:45:28.245 정보 [main] org.apache.catalina.startup.VersionLoggerListener.log 명령 행 아규먼트:  -Djava.util.logging.config.file=/opt/tomcat/conf/logging.properties
31-May-2024 14:45:28.246 정보 [main] org.apache.catalina.startup.VersionLoggerListener.log 명령 행 아규먼트:  -Djava.util.logging.manager=org.apache.juli.ClassLoaderLogManager
31-May-2024 14:45:28.246 정보 [main] org.apache.catalina.startup.VersionLoggerListener.log 명령 행 아규먼트:  -Djava.awt.headless=true
31-May-2024 14:45:28.246 정보 [main] org.apache.catalina.startup.VersionLoggerListener.log 명령 행 아규먼트:  -Djava.security.egd=file:/dev/./urandom
31-May-2024 14:45:28.246 정보 [main] org.apache.catalina.startup.VersionLoggerListener.log 명령 행 아규먼트:  -Djdk.tls.ephemeralDHKeySize=2048
31-May-2024 14:45:28.246 정보 [main] org.apache.catalina.startup.VersionLoggerListener.log 명령 행 아규먼트:  -Djava.protocol.handler.pkgs=org.apache.catalina.webresources
31-May-2024 14:45:28.247 정보 [main] org.apache.catalina.startup.VersionLoggerListener.log 명령 행 아규먼트:  -Dorg.apache.catalina.security.SecurityListener.UMASK=0027
31-May-2024 14:45:28.248 정보 [main] org.apache.catalina.startup.VersionLoggerListener.log 명령 행 아규먼트:  --add-opens=java.base/java.lang=ALL-UNNAMED
31-May-2024 14:45:28.248 정보 [main] org.apache.catalina.startup.VersionLoggerListener.log 명령 행 아규먼트:  --add-opens=java.base/java.io=ALL-UNNAMED
31-May-2024 14:45:28.248 정보 [main] org.apache.catalina.startup.VersionLoggerListener.log 명령 행 아규먼트:  --add-opens=java.base/java.util=ALL-UNNAMED
31-May-2024 14:45:28.249 정보 [main] org.apache.catalina.startup.VersionLoggerListener.log 명령 행 아규먼트:  --add-opens=java.base/java.util.concurrent=ALL-UNNAMED
31-May-2024 14:45:28.249 정보 [main] org.apache.catalina.startup.VersionLoggerListener.log 명령 행 아규먼트:  --add-opens=java.rmi/sun.rmi.transport=ALL-UNNAMED
31-May-2024 14:45:28.249 정보 [main] org.apache.catalina.startup.VersionLoggerListener.log 명령 행 아규먼트:  -Xms512M
31-May-2024 14:45:28.249 정보 [main] org.apache.catalina.startup.VersionLoggerListener.log 명령 행 아규먼트:  -Xmx1024M
31-May-2024 14:45:28.250 정보 [main] org.apache.catalina.startup.VersionLoggerListener.log 명령 행 아규먼트:  -XX:+UseParallelGC
31-May-2024 14:45:28.250 정보 [main] org.apache.catalina.startup.VersionLoggerListener.log 명령 행 아규먼트:  -Dcatalina.base=/opt/tomcat
31-May-2024 14:45:28.250 정보 [main] org.apache.catalina.startup.VersionLoggerListener.log 명령 행 아규먼트:  -Dcatalina.home=/opt/tomcat
31-May-2024 14:45:28.250 정보 [main] org.apache.catalina.startup.VersionLoggerListener.log 명령 행 아규먼트:  -Djava.io.tmpdir=/opt/tomcat/temp
31-May-2024 14:45:28.253 정보 [main] org.apache.catalina.core.AprLifecycleListener.lifecycleEvent 프로덕션 환경들에서 최적의 성능을 제공하는, APR 기반 Apache Tomcat Native 라이브러리가, 다음 java.library.path에서 발견되지 않습니다: [/usr/java/packages/lib:/usr/lib64:/lib64:/lib:/usr/lib]
31-May-2024 14:45:29.082 정보 [main] org.apache.coyote.AbstractProtocol.init 프로토콜 핸들러 ["http-nio-8080"]을(를) 초기화합니다.
31-May-2024 14:45:29.187 정보 [main] org.apache.catalina.startup.Catalina.load [1767] 밀리초 내에 서버가 초기화되었습니다.
31-May-2024 14:45:29.294 정보 [main] org.apache.catalina.core.StandardService.startInternal 서비스 [Catalina]을(를) 시작합니다.
31-May-2024 14:45:29.294 정보 [main] org.apache.catalina.core.StandardEngine.startInternal 서버 엔진을 시작합니다: [Apache Tomcat/10.1.20]
31-May-2024 14:45:29.299 심각 [main] org.apache.catalina.startup.HostConfig.beforeStart 배치를 위한 디렉토리 [/opt/tomcat/conf/Catalina/localhost]을(를) 생성할 수 없습니다.
31-May-2024 14:45:29.311 정보 [main] org.apache.catalina.startup.HostConfig.deployDirectory 웹 애플리케이션 디렉토리 [/opt/tomcat/webapps/ROOT]을(를) 배치합니다.
31-May-2024 14:45:31.354 정보 [main] org.apache.jasper.servlet.TldScanner.scanJars 적어도 하나의 JAR가 TLD들을 찾기 위해 스캔되었으나 아무 것도 찾지 못했습니다. 스캔했으나 TLD가 없는 JAR들의 전체 목록을 보시려면, 로그 레벨을 디버그 레벨로 설정하십시오. 스캔 과정에서 불필요한 JAR들을 건너뛰면, 시스템 시작 시간과 JSP 컴파일 시간을 단축시킬 수 있습니다.
31-May-2024 14:45:31.477 정보 [main] org.apache.catalina.startup.HostConfig.deployDirectory 웹 애플리케이션 디렉토리 [/opt/tomcat/webapps/ROOT]에 대한 배치가 [2,159] 밀리초에 완료되었습니다.
31-May-2024 14:45:31.477 정보 [main] org.apache.catalina.startup.HostConfig.deployDirectory 웹 애플리케이션 디렉토리 [/opt/tomcat/webapps/docs]을(를) 배치합니다.
31-May-2024 14:45:31.693 정보 [main] org.apache.jasper.servlet.TldScanner.scanJars 적어도 하나의 JAR가 TLD들을 찾기 위해 스캔되었으나 아무 것도 찾지 못했습니다. 스캔했으나 TLD가 없는 JAR들의 전체 목록을 보시려면, 로그 레벨을 디버그 레벨로 설정하십시오. 스캔 과정에서 불필요한 JAR들을 건너뛰면, 시스템 시작 시간과 JSP 컴파일 시간을 단축시킬 수 있습니다.
31-May-2024 14:45:31.694 정보 [main] org.apache.catalina.startup.HostConfig.deployDirectory 웹 애플리케이션 디렉토리 [/opt/tomcat/webapps/docs]에 대한 배치가 [217] 밀리초에 완료되었습니다.
31-May-2024 14:45:31.695 정보 [main] org.apache.catalina.startup.HostConfig.deployDirectory 웹 애플리케이션 디렉토리 [/opt/tomcat/webapps/examples]을(를) 배치합니다.
31-May-2024 14:45:31.928 정보 [main] org.apache.jasper.servlet.TldScanner.scanJars 적어도 하나의 JAR가 TLD들을 찾기 위해 스캔되었으나 아무 것도 찾지 못했습니다. 스캔했으나 TLD가 없는 JAR들의 전체 목록을 보시려면, 로그 레벨을 디버그 레벨로 설정하십시오. 스캔 과정에서 불필요한 JAR들을 건너뛰면, 시스템 시작 시간과 JSP 컴파일 시간을 단축시킬 수 있습니다.
31-May-2024 14:45:31.948 정보 [main] org.apache.catalina.startup.HostConfig.deployDirectory 웹 애플리케이션 디렉토리 [/opt/tomcat/webapps/examples]에 대한 배치가 [253] 밀리초에 완료되었습니다.
31-May-2024 14:45:31.948 정보 [main] org.apache.catalina.startup.HostConfig.deployDirectory 웹 애플리케이션 디렉토리 [/opt/tomcat/webapps/host-manager]을(를) 배치합니다.
31-May-2024 14:45:32.065 정보 [main] org.apache.jasper.servlet.TldScanner.scanJars 적어도 하나의 JAR가 TLD들을 찾기 위해 스캔되었으나 아무 것도 찾지 못했습니다. 스캔했으나 TLD가 없는 JAR들의 전체 목록을 보시려면, 로그 레벨을 디버그 레벨로 설정하십시오. 스캔 과정에서 불필요한 JAR들을 건너뛰면, 시스템 시작 시간과 JSP 컴파일 시간을 단축시킬 수 있습니다.
31-May-2024 14:45:32.069 정보 [main] org.apache.catalina.startup.HostConfig.deployDirectory 웹 애플리케이션 디렉토리 [/opt/tomcat/webapps/host-manager]에 대한 배치가 [121] 밀리초에 완료되었습니다.
31-May-2024 14:45:32.070 정보 [main] org.apache.catalina.startup.HostConfig.deployDirectory 웹 애플리케이션 디렉토리 [/opt/tomcat/webapps/manager]을(를) 배치합니다.
31-May-2024 14:45:32.290 정보 [main] org.apache.jasper.servlet.TldScanner.scanJars 적어도 하나의 JAR가 TLD들을 찾기 위해 스캔되었으나 아무 것도 찾지 못했습니다. 스캔했으나 TLD가 없는 JAR들의 전체 목록을 보시려면, 로그 레벨을 디버그 레벨로 설정하십시오. 스캔 과정에서 불필요한 JAR들을 건너뛰면, 시스템 시작 시간과 JSP 컴파일 시간을 단축시킬 수 있습니다.
31-May-2024 14:45:32.291 정보 [main] org.apache.catalina.startup.HostConfig.deployDirectory 웹 애플리케이션 디렉토리 [/opt/tomcat/webapps/manager]에 대한 배치가 [222] 밀리초에 완료되었습니다.
31-May-2024 14:45:32.299 정보 [main] org.apache.coyote.AbstractProtocol.start 프로토콜 핸들러 ["http-nio-8080"]을(를) 시작합니다.
31-May-2024 14:45:32.373 정보 [main] org.apache.catalina.startup.Catalina.start 서버가 [3186] 밀리초 내에 시작되었습니다.
31-May-2024 15:14:42.593 정보 [Catalina-utility-2] org.apache.catalina.startup.HostConfig.deployDirectory 웹 애플리케이션 디렉토리 [/opt/tomcat/webapps/demo]을(를) 배치합니다.
31-May-2024 15:14:43.053 정보 [Catalina-utility-2] org.apache.jasper.servlet.TldScanner.scanJars 적어도 하나의 JAR가 TLD들을 찾기 위해 스캔되었으나 아무 것도 찾지 못했습니다. 스캔했으나 TLD가 없는 JAR들의 전체 목록을 보시려면, 로그 레벨을 디버그 레벨로 설정하십시오. 스캔 과정에서 불필요한 JAR들을 건너뛰면, 시스템 시작 시간과 JSP 컴파일 시간을 단축시킬 수 있습니다.
31-May-2024 15:14:43.075 정보 [Catalina-utility-2] org.apache.catalina.startup.HostConfig.deployDirectory 웹 애플리케이션 디렉토리 [/opt/tomcat/webapps/demo]에 대한 배치가 [484] 밀리초에 완료되었습니다.
31-May-2024 15:28:40.387 정보 [main] org.apache.catalina.core.StandardServer.await 셧다운 포트를 통해 유효한 셧다운 명령을 받았습니다. 서버 인스턴스를 중지시킵니다.
31-May-2024 15:28:40.388 정보 [main] org.apache.coyote.AbstractProtocol.pause 프로토콜 핸들러 ["http-nio-8080"]을(를) 일시 정지 중
31-May-2024 15:28:40.394 정보 [main] org.apache.catalina.core.StandardService.stopInternal 서비스 [Catalina]을(를) 중지시킵니다.
31-May-2024 15:28:40.499 정보 [main] org.apache.coyote.AbstractProtocol.stop 프로토콜 핸들러 ["http-nio-8080"]을(를) 중지시킵니다.
31-May-2024 15:28:40.504 정보 [main] org.apache.coyote.AbstractProtocol.destroy 프로토콜 핸들러 ["http-nio-8080"]을(를) 소멸시킵니다.
31-May-2024 15:28:41.756 정보 [main] org.apache.catalina.startup.VersionLoggerListener.log 서버 버전 이름:    Apache Tomcat/10.1.20
31-May-2024 15:28:41.759 정보 [main] org.apache.catalina.startup.VersionLoggerListener.log Server 빌드 시각:  Mar 19 2024 12:49:58 UTC
31-May-2024 15:28:41.760 정보 [main] org.apache.catalina.startup.VersionLoggerListener.log Server 버전 번호:  10.1.20.0
31-May-2024 15:28:41.760 정보 [main] org.apache.catalina.startup.VersionLoggerListener.log 운영체제 이름:     Linux
31-May-2024 15:28:41.760 정보 [main] org.apache.catalina.startup.VersionLoggerListener.log 운영체제 버전:     5.14.0-362.24.1.el9_3.0.1.x86_64
31-May-2024 15:28:41.760 정보 [main] org.apache.catalina.startup.VersionLoggerListener.log 아키텍처:          amd64
31-May-2024 15:28:41.760 정보 [main] org.apache.catalina.startup.VersionLoggerListener.log 자바 홈:           /usr/lib/jvm/java-11-openjdk-11.0.22.0.7-2.el9.x86_64
31-May-2024 15:28:41.760 정보 [main] org.apache.catalina.startup.VersionLoggerListener.log JVM 버전:          11.0.22+7-LTS
31-May-2024 15:28:41.760 정보 [main] org.apache.catalina.startup.VersionLoggerListener.log JVM 벤더:          Red Hat, Inc.
31-May-2024 15:28:41.760 정보 [main] org.apache.catalina.startup.VersionLoggerListener.log CATALINA_BASE:     /opt/tomcat
31-May-2024 15:28:41.760 정보 [main] org.apache.catalina.startup.VersionLoggerListener.log CATALINA_HOME:     /opt/tomcat
31-May-2024 15:28:41.771 정보 [main] org.apache.catalina.startup.VersionLoggerListener.log 명령 행 아규먼트:  -Djava.util.logging.config.file=/opt/tomcat/conf/logging.properties
31-May-2024 15:28:41.771 정보 [main] org.apache.catalina.startup.VersionLoggerListener.log 명령 행 아규먼트:  -Djava.util.logging.manager=org.apache.juli.ClassLoaderLogManager
31-May-2024 15:28:41.771 정보 [main] org.apache.catalina.startup.VersionLoggerListener.log 명령 행 아규먼트:  -Djava.awt.headless=true
31-May-2024 15:28:41.771 정보 [main] org.apache.catalina.startup.VersionLoggerListener.log 명령 행 아규먼트:  -Djava.security.egd=file:/dev/./urandom
31-May-2024 15:28:41.771 정보 [main] org.apache.catalina.startup.VersionLoggerListener.log 명령 행 아규먼트:  -Djdk.tls.ephemeralDHKeySize=2048
31-May-2024 15:28:41.771 정보 [main] org.apache.catalina.startup.VersionLoggerListener.log 명령 행 아규먼트:  -Djava.protocol.handler.pkgs=org.apache.catalina.webresources
31-May-2024 15:28:41.771 정보 [main] org.apache.catalina.startup.VersionLoggerListener.log 명령 행 아규먼트:  -Dorg.apache.catalina.security.SecurityListener.UMASK=0027
31-May-2024 15:28:41.771 정보 [main] org.apache.catalina.startup.VersionLoggerListener.log 명령 행 아규먼트:  --add-opens=java.base/java.lang=ALL-UNNAMED
31-May-2024 15:28:41.771 정보 [main] org.apache.catalina.startup.VersionLoggerListener.log 명령 행 아규먼트:  --add-opens=java.base/java.io=ALL-UNNAMED
31-May-2024 15:28:41.771 정보 [main] org.apache.catalina.startup.VersionLoggerListener.log 명령 행 아규먼트:  --add-opens=java.base/java.util=ALL-UNNAMED
31-May-2024 15:28:41.771 정보 [main] org.apache.catalina.startup.VersionLoggerListener.log 명령 행 아규먼트:  --add-opens=java.base/java.util.concurrent=ALL-UNNAMED
31-May-2024 15:28:41.771 정보 [main] org.apache.catalina.startup.VersionLoggerListener.log 명령 행 아규먼트:  --add-opens=java.rmi/sun.rmi.transport=ALL-UNNAMED
31-May-2024 15:28:41.771 정보 [main] org.apache.catalina.startup.VersionLoggerListener.log 명령 행 아규먼트:  -Xms512M
31-May-2024 15:28:41.771 정보 [main] org.apache.catalina.startup.VersionLoggerListener.log 명령 행 아규먼트:  -Xmx1024M
31-May-2024 15:28:41.771 정보 [main] org.apache.catalina.startup.VersionLoggerListener.log 명령 행 아규먼트:  -XX:+UseParallelGC
31-May-2024 15:28:41.771 정보 [main] org.apache.catalina.startup.VersionLoggerListener.log 명령 행 아규먼트:  -Dcatalina.base=/opt/tomcat
31-May-2024 15:28:41.771 정보 [main] org.apache.catalina.startup.VersionLoggerListener.log 명령 행 아규먼트:  -Dcatalina.home=/opt/tomcat
31-May-2024 15:28:41.771 정보 [main] org.apache.catalina.startup.VersionLoggerListener.log 명령 행 아규먼트:  -Djava.io.tmpdir=/opt/tomcat/temp
31-May-2024 15:28:41.772 정보 [main] org.apache.catalina.core.AprLifecycleListener.lifecycleEvent 프로덕션 환경들에서 최적의 성능을 제공하는, APR 기반 Apache Tomcat Native 라이브러리가, 다음 java.library.path에서 발견되지 않습니다: [/usr/java/packages/lib:/usr/lib64:/lib64:/lib:/usr/lib]
31-May-2024 15:28:41.975 정보 [main] org.apache.coyote.AbstractProtocol.init 프로토콜 핸들러 ["http-nio-8080"]을(를) 초기화합니다.
31-May-2024 15:28:41.995 정보 [main] org.apache.catalina.startup.Catalina.load [366] 밀리초 내에 서버가 초기화되었습니다.
31-May-2024 15:28:42.050 정보 [main] org.apache.catalina.core.StandardService.startInternal 서비스 [Catalina]을(를) 시작합니다.
31-May-2024 15:28:42.050 정보 [main] org.apache.catalina.core.StandardEngine.startInternal 서버 엔진을 시작합니다: [Apache Tomcat/10.1.20]
31-May-2024 15:28:42.054 심각 [main] org.apache.catalina.startup.HostConfig.beforeStart 배치를 위한 디렉토리 [/opt/tomcat/conf/Catalina/localhost]을(를) 생성할 수 없습니다.
31-May-2024 15:28:42.058 정보 [main] org.apache.catalina.startup.HostConfig.deployDirectory 웹 애플리케이션 디렉토리 [/opt/tomcat/webapps/ROOT]을(를) 배치합니다.
31-May-2024 15:28:42.560 정보 [main] org.apache.jasper.servlet.TldScanner.scanJars 적어도 하나의 JAR가 TLD들을 찾기 위해 스캔되었으나 아무 것도 찾지 못했습니다. 스캔했으나 TLD가 없는 JAR들의 전체 목록을 보시려면, 로그 레벨을 디버그 레벨로 설정하십시오. 스캔 과정에서 불필요한 JAR들을 건너뛰면, 시스템 시작 시간과 JSP 컴파일 시간을 단축시킬 수 있습니다.
31-May-2024 15:28:42.602 정보 [main] org.apache.catalina.startup.HostConfig.deployDirectory 웹 애플리케이션 디렉토리 [/opt/tomcat/webapps/ROOT]에 대한 배치가 [542] 밀리초에 완료되었습니다.
31-May-2024 15:28:42.602 정보 [main] org.apache.catalina.startup.HostConfig.deployDirectory 웹 애플리케이션 디렉토리 [/opt/tomcat/webapps/docs]을(를) 배치합니다.
31-May-2024 15:28:42.776 정보 [main] org.apache.jasper.servlet.TldScanner.scanJars 적어도 하나의 JAR가 TLD들을 찾기 위해 스캔되었으나 아무 것도 찾지 못했습니다. 스캔했으나 TLD가 없는 JAR들의 전체 목록을 보시려면, 로그 레벨을 디버그 레벨로 설정하십시오. 스캔 과정에서 불필요한 JAR들을 건너뛰면, 시스템 시작 시간과 JSP 컴파일 시간을 단축시킬 수 있습니다.
31-May-2024 15:28:42.783 정보 [main] org.apache.catalina.startup.HostConfig.deployDirectory 웹 애플리케이션 디렉토리 [/opt/tomcat/webapps/docs]에 대한 배치가 [181] 밀리초에 완료되었습니다.
31-May-2024 15:28:42.783 정보 [main] org.apache.catalina.startup.HostConfig.deployDirectory 웹 애플리케이션 디렉토리 [/opt/tomcat/webapps/examples]을(를) 배치합니다.
31-May-2024 15:28:43.039 정보 [main] org.apache.jasper.servlet.TldScanner.scanJars 적어도 하나의 JAR가 TLD들을 찾기 위해 스캔되었으나 아무 것도 찾지 못했습니다. 스캔했으나 TLD가 없는 JAR들의 전체 목록을 보시려면, 로그 레벨을 디버그 레벨로 설정하십시오. 스캔 과정에서 불필요한 JAR들을 건너뛰면, 시스템 시작 시간과 JSP 컴파일 시간을 단축시킬 수 있습니다.
31-May-2024 15:28:43.072 정보 [main] org.apache.catalina.startup.HostConfig.deployDirectory 웹 애플리케이션 디렉토리 [/opt/tomcat/webapps/examples]에 대한 배치가 [289] 밀리초에 완료되었습니다.
31-May-2024 15:28:43.072 정보 [main] org.apache.catalina.startup.HostConfig.deployDirectory 웹 애플리케이션 디렉토리 [/opt/tomcat/webapps/host-manager]을(를) 배치합니다.
31-May-2024 15:28:43.254 정보 [main] org.apache.jasper.servlet.TldScanner.scanJars 적어도 하나의 JAR가 TLD들을 찾기 위해 스캔되었으나 아무 것도 찾지 못했습니다. 스캔했으나 TLD가 없는 JAR들의 전체 목록을 보시려면, 로그 레벨을 디버그 레벨로 설정하십시오. 스캔 과정에서 불필요한 JAR들을 건너뛰면, 시스템 시작 시간과 JSP 컴파일 시간을 단축시킬 수 있습니다.
31-May-2024 15:28:43.260 정보 [main] org.apache.catalina.startup.HostConfig.deployDirectory 웹 애플리케이션 디렉토리 [/opt/tomcat/webapps/host-manager]에 대한 배치가 [188] 밀리초에 완료되었습니다.
31-May-2024 15:28:43.261 정보 [main] org.apache.catalina.startup.HostConfig.deployDirectory 웹 애플리케이션 디렉토리 [/opt/tomcat/webapps/manager]을(를) 배치합니다.
31-May-2024 15:28:43.415 정보 [main] org.apache.jasper.servlet.TldScanner.scanJars 적어도 하나의 JAR가 TLD들을 찾기 위해 스캔되었으나 아무 것도 찾지 못했습니다. 스캔했으나 TLD가 없는 JAR들의 전체 목록을 보시려면, 로그 레벨을 디버그 레벨로 설정하십시오. 스캔 과정에서 불필요한 JAR들을 건너뛰면, 시스템 시작 시간과 JSP 컴파일 시간을 단축시킬 수 있습니다.
31-May-2024 15:28:43.421 정보 [main] org.apache.catalina.startup.HostConfig.deployDirectory 웹 애플리케이션 디렉토리 [/opt/tomcat/webapps/manager]에 대한 배치가 [161] 밀리초에 완료되었습니다.
31-May-2024 15:28:43.421 정보 [main] org.apache.catalina.startup.HostConfig.deployDirectory 웹 애플리케이션 디렉토리 [/opt/tomcat/webapps/demo]을(를) 배치합니다.
31-May-2024 15:28:43.558 정보 [main] org.apache.jasper.servlet.TldScanner.scanJars 적어도 하나의 JAR가 TLD들을 찾기 위해 스캔되었으나 아무 것도 찾지 못했습니다. 스캔했으나 TLD가 없는 JAR들의 전체 목록을 보시려면, 로그 레벨을 디버그 레벨로 설정하십시오. 스캔 과정에서 불필요한 JAR들을 건너뛰면, 시스템 시작 시간과 JSP 컴파일 시간을 단축시킬 수 있습니다.
31-May-2024 15:28:43.563 정보 [main] org.apache.catalina.startup.HostConfig.deployDirectory 웹 애플리케이션 디렉토리 [/opt/tomcat/webapps/demo]에 대한 배치가 [142] 밀리초에 완료되었습니다.
31-May-2024 15:28:43.566 정보 [main] org.apache.coyote.AbstractProtocol.start 프로토콜 핸들러 ["http-nio-8080"]을(를) 시작합니다.
31-May-2024 15:28:43.581 정보 [main] org.apache.catalina.startup.Catalina.start 서버가 [1586] 밀리초 내에 시작되었습니다.
31-May-2024 16:09:13.562 정보 [main] org.apache.catalina.core.StandardServer.await 셧다운 포트를 통해 유효한 셧다운 명령을 받았습니다. 서버 인스턴스를 중지시킵니다.
31-May-2024 16:09:13.565 정보 [main] org.apache.coyote.AbstractProtocol.pause 프로토콜 핸들러 ["http-nio-8080"]을(를) 일시 정지 중
31-May-2024 16:09:13.573 정보 [main] org.apache.catalina.core.StandardService.stopInternal 서비스 [Catalina]을(를) 중지시킵니다.
31-May-2024 16:09:13.612 정보 [main] org.apache.coyote.AbstractProtocol.stop 프로토콜 핸들러 ["http-nio-8080"]을(를) 중지시킵니다.
31-May-2024 16:09:13.620 정보 [main] org.apache.coyote.AbstractProtocol.destroy 프로토콜 핸들러 ["http-nio-8080"]을(를) 소멸시킵니다.
31-May-2024 16:09:14.909 정보 [main] org.apache.catalina.startup.VersionLoggerListener.log 서버 버전 이름:    Apache Tomcat/10.1.20
31-May-2024 16:09:14.912 정보 [main] org.apache.catalina.startup.VersionLoggerListener.log Server 빌드 시각:  Mar 19 2024 12:49:58 UTC
31-May-2024 16:09:14.912 정보 [main] org.apache.catalina.startup.VersionLoggerListener.log Server 버전 번호:  10.1.20.0
31-May-2024 16:09:14.912 정보 [main] org.apache.catalina.startup.VersionLoggerListener.log 운영체제 이름:     Linux
31-May-2024 16:09:14.912 정보 [main] org.apache.catalina.startup.VersionLoggerListener.log 운영체제 버전:     5.14.0-362.24.1.el9_3.0.1.x86_64
31-May-2024 16:09:14.912 정보 [main] org.apache.catalina.startup.VersionLoggerListener.log 아키텍처:          amd64
31-May-2024 16:09:14.912 정보 [main] org.apache.catalina.startup.VersionLoggerListener.log 자바 홈:           /usr/lib/jvm/java-11-openjdk-11.0.22.0.7-2.el9.x86_64
31-May-2024 16:09:14.912 정보 [main] org.apache.catalina.startup.VersionLoggerListener.log JVM 버전:          11.0.22+7-LTS
31-May-2024 16:09:14.912 정보 [main] org.apache.catalina.startup.VersionLoggerListener.log JVM 벤더:          Red Hat, Inc.
31-May-2024 16:09:14.912 정보 [main] org.apache.catalina.startup.VersionLoggerListener.log CATALINA_BASE:     /opt/tomcat
31-May-2024 16:09:14.912 정보 [main] org.apache.catalina.startup.VersionLoggerListener.log CATALINA_HOME:     /opt/tomcat
31-May-2024 16:09:14.924 정보 [main] org.apache.catalina.startup.VersionLoggerListener.log 명령 행 아규먼트:  -Djava.util.logging.config.file=/opt/tomcat/conf/logging.properties
31-May-2024 16:09:14.924 정보 [main] org.apache.catalina.startup.VersionLoggerListener.log 명령 행 아규먼트:  -Djava.util.logging.manager=org.apache.juli.ClassLoaderLogManager
31-May-2024 16:09:14.924 정보 [main] org.apache.catalina.startup.VersionLoggerListener.log 명령 행 아규먼트:  -Djava.awt.headless=true
31-May-2024 16:09:14.924 정보 [main] org.apache.catalina.startup.VersionLoggerListener.log 명령 행 아규먼트:  -Djava.security.egd=file:/dev/./urandom
31-May-2024 16:09:14.924 정보 [main] org.apache.catalina.startup.VersionLoggerListener.log 명령 행 아규먼트:  -Djdk.tls.ephemeralDHKeySize=2048
31-May-2024 16:09:14.924 정보 [main] org.apache.catalina.startup.VersionLoggerListener.log 명령 행 아규먼트:  -Djava.protocol.handler.pkgs=org.apache.catalina.webresources
31-May-2024 16:09:14.925 정보 [main] org.apache.catalina.startup.VersionLoggerListener.log 명령 행 아규먼트:  -Dorg.apache.catalina.security.SecurityListener.UMASK=0027
31-May-2024 16:09:14.925 정보 [main] org.apache.catalina.startup.VersionLoggerListener.log 명령 행 아규먼트:  --add-opens=java.base/java.lang=ALL-UNNAMED
31-May-2024 16:09:14.925 정보 [main] org.apache.catalina.startup.VersionLoggerListener.log 명령 행 아규먼트:  --add-opens=java.base/java.io=ALL-UNNAMED
31-May-2024 16:09:14.925 정보 [main] org.apache.catalina.startup.VersionLoggerListener.log 명령 행 아규먼트:  --add-opens=java.base/java.util=ALL-UNNAMED
31-May-2024 16:09:14.925 정보 [main] org.apache.catalina.startup.VersionLoggerListener.log 명령 행 아규먼트:  --add-opens=java.base/java.util.concurrent=ALL-UNNAMED
31-May-2024 16:09:14.925 정보 [main] org.apache.catalina.startup.VersionLoggerListener.log 명령 행 아규먼트:  --add-opens=java.rmi/sun.rmi.transport=ALL-UNNAMED
31-May-2024 16:09:14.925 정보 [main] org.apache.catalina.startup.VersionLoggerListener.log 명령 행 아규먼트:  -Xms512M
31-May-2024 16:09:14.925 정보 [main] org.apache.catalina.startup.VersionLoggerListener.log 명령 행 아규먼트:  -Xmx1024M
31-May-2024 16:09:14.925 정보 [main] org.apache.catalina.startup.VersionLoggerListener.log 명령 행 아규먼트:  -XX:+UseParallelGC
31-May-2024 16:09:14.925 정보 [main] org.apache.catalina.startup.VersionLoggerListener.log 명령 행 아규먼트:  -Dcatalina.base=/opt/tomcat
31-May-2024 16:09:14.925 정보 [main] org.apache.catalina.startup.VersionLoggerListener.log 명령 행 아규먼트:  -Dcatalina.home=/opt/tomcat
31-May-2024 16:09:14.925 정보 [main] org.apache.catalina.startup.VersionLoggerListener.log 명령 행 아규먼트:  -Djava.io.tmpdir=/opt/tomcat/temp
31-May-2024 16:09:14.926 정보 [main] org.apache.catalina.core.AprLifecycleListener.lifecycleEvent 프로덕션 환경들에서 최적의 성능을 제공하는, APR 기반 Apache Tomcat Native 라이브러리가, 다음 java.library.path에서 발견되지 않습니다: [/usr/java/packages/lib:/usr/lib64:/lib64:/lib:/usr/lib]
31-May-2024 16:09:15.173 정보 [main] org.apache.coyote.AbstractProtocol.init 프로토콜 핸들러 ["http-nio-8080"]을(를) 초기화합니다.
31-May-2024 16:09:15.206 정보 [main] org.apache.catalina.startup.Catalina.load [423] 밀리초 내에 서버가 초기화되었습니다.
31-May-2024 16:09:15.260 정보 [main] org.apache.catalina.core.StandardService.startInternal 서비스 [Catalina]을(를) 시작합니다.
31-May-2024 16:09:15.260 정보 [main] org.apache.catalina.core.StandardEngine.startInternal 서버 엔진을 시작합니다: [Apache Tomcat/10.1.20]
31-May-2024 16:09:15.263 심각 [main] org.apache.catalina.startup.HostConfig.beforeStart 배치를 위한 디렉토리 [/opt/tomcat/conf/Catalina/localhost]을(를) 생성할 수 없습니다.
31-May-2024 16:09:15.273 정보 [main] org.apache.catalina.startup.HostConfig.deployDirectory 웹 애플리케이션 디렉토리 [/opt/tomcat/webapps/ROOT]을(를) 배치합니다.
31-May-2024 16:09:15.892 정보 [main] org.apache.jasper.servlet.TldScanner.scanJars 적어도 하나의 JAR가 TLD들을 찾기 위해 스캔되었으나 아무 것도 찾지 못했습니다. 스캔했으나 TLD가 없는 JAR들의 전체 목록을 보시려면, 로그 레벨을 디버그 레벨로 설정하십시오. 스캔 과정에서 불필요한 JAR들을 건너뛰면, 시스템 시작 시간과 JSP 컴파일 시간을 단축시킬 수 있습니다.
31-May-2024 16:09:15.932 정보 [main] org.apache.catalina.startup.HostConfig.deployDirectory 웹 애플리케이션 디렉토리 [/opt/tomcat/webapps/ROOT]에 대한 배치가 [657] 밀리초에 완료되었습니다.
31-May-2024 16:09:15.932 정보 [main] org.apache.catalina.startup.HostConfig.deployDirectory 웹 애플리케이션 디렉토리 [/opt/tomcat/webapps/docs]을(를) 배치합니다.
31-May-2024 16:09:16.115 정보 [main] org.apache.jasper.servlet.TldScanner.scanJars 적어도 하나의 JAR가 TLD들을 찾기 위해 스캔되었으나 아무 것도 찾지 못했습니다. 스캔했으나 TLD가 없는 JAR들의 전체 목록을 보시려면, 로그 레벨을 디버그 레벨로 설정하십시오. 스캔 과정에서 불필요한 JAR들을 건너뛰면, 시스템 시작 시간과 JSP 컴파일 시간을 단축시킬 수 있습니다.
31-May-2024 16:09:16.117 정보 [main] org.apache.catalina.startup.HostConfig.deployDirectory 웹 애플리케이션 디렉토리 [/opt/tomcat/webapps/docs]에 대한 배치가 [185] 밀리초에 완료되었습니다.
31-May-2024 16:09:16.118 정보 [main] org.apache.catalina.startup.HostConfig.deployDirectory 웹 애플리케이션 디렉토리 [/opt/tomcat/webapps/examples]을(를) 배치합니다.
31-May-2024 16:09:16.386 정보 [main] org.apache.jasper.servlet.TldScanner.scanJars 적어도 하나의 JAR가 TLD들을 찾기 위해 스캔되었으나 아무 것도 찾지 못했습니다. 스캔했으나 TLD가 없는 JAR들의 전체 목록을 보시려면, 로그 레벨을 디버그 레벨로 설정하십시오. 스캔 과정에서 불필요한 JAR들을 건너뛰면, 시스템 시작 시간과 JSP 컴파일 시간을 단축시킬 수 있습니다.
31-May-2024 16:09:16.422 정보 [main] org.apache.catalina.startup.HostConfig.deployDirectory 웹 애플리케이션 디렉토리 [/opt/tomcat/webapps/examples]에 대한 배치가 [304] 밀리초에 완료되었습니다.
31-May-2024 16:09:16.422 정보 [main] org.apache.catalina.startup.HostConfig.deployDirectory 웹 애플리케이션 디렉토리 [/opt/tomcat/webapps/host-manager]을(를) 배치합니다.
31-May-2024 16:09:16.558 정보 [main] org.apache.jasper.servlet.TldScanner.scanJars 적어도 하나의 JAR가 TLD들을 찾기 위해 스캔되었으나 아무 것도 찾지 못했습니다. 스캔했으나 TLD가 없는 JAR들의 전체 목록을 보시려면, 로그 레벨을 디버그 레벨로 설정하십시오. 스캔 과정에서 불필요한 JAR들을 건너뛰면, 시스템 시작 시간과 JSP 컴파일 시간을 단축시킬 수 있습니다.
31-May-2024 16:09:16.563 정보 [main] org.apache.catalina.startup.HostConfig.deployDirectory 웹 애플리케이션 디렉토리 [/opt/tomcat/webapps/host-manager]에 대한 배치가 [141] 밀리초에 완료되었습니다.
31-May-2024 16:09:16.563 정보 [main] org.apache.catalina.startup.HostConfig.deployDirectory 웹 애플리케이션 디렉토리 [/opt/tomcat/webapps/manager]을(를) 배치합니다.
31-May-2024 16:09:16.713 정보 [main] org.apache.jasper.servlet.TldScanner.scanJars 적어도 하나의 JAR가 TLD들을 찾기 위해 스캔되었으나 아무 것도 찾지 못했습니다. 스캔했으나 TLD가 없는 JAR들의 전체 목록을 보시려면, 로그 레벨을 디버그 레벨로 설정하십시오. 스캔 과정에서 불필요한 JAR들을 건너뛰면, 시스템 시작 시간과 JSP 컴파일 시간을 단축시킬 수 있습니다.
31-May-2024 16:09:16.720 정보 [main] org.apache.catalina.startup.HostConfig.deployDirectory 웹 애플리케이션 디렉토리 [/opt/tomcat/webapps/manager]에 대한 배치가 [157] 밀리초에 완료되었습니다.
31-May-2024 16:09:16.720 정보 [main] org.apache.catalina.startup.HostConfig.deployDirectory 웹 애플리케이션 디렉토리 [/opt/tomcat/webapps/demo]을(를) 배치합니다.
31-May-2024 16:09:16.869 정보 [main] org.apache.jasper.servlet.TldScanner.scanJars 적어도 하나의 JAR가 TLD들을 찾기 위해 스캔되었으나 아무 것도 찾지 못했습니다. 스캔했으나 TLD가 없는 JAR들의 전체 목록을 보시려면, 로그 레벨을 디버그 레벨로 설정하십시오. 스캔 과정에서 불필요한 JAR들을 건너뛰면, 시스템 시작 시간과 JSP 컴파일 시간을 단축시킬 수 있습니다.
31-May-2024 16:09:16.883 정보 [main] org.apache.catalina.startup.HostConfig.deployDirectory 웹 애플리케이션 디렉토리 [/opt/tomcat/webapps/demo]에 대한 배치가 [163] 밀리초에 완료되었습니다.
31-May-2024 16:09:16.887 정보 [main] org.apache.coyote.AbstractProtocol.start 프로토콜 핸들러 ["http-nio-8080"]을(를) 시작합니다.
31-May-2024 16:09:16.912 정보 [main] org.apache.catalina.startup.Catalina.start 서버가 [1706] 밀리초 내에 시작되었습니다.
