12-Apr-2024 15:12:13.095 정보 [main] org.apache.catalina.startup.VersionLoggerListener.log 서버 버전 이름:    Apache Tomcat/10.1.20
12-Apr-2024 15:12:13.103 정보 [main] org.apache.catalina.startup.VersionLoggerListener.log Server 빌드 시각:  Mar 19 2024 12:49:58 UTC
12-Apr-2024 15:12:13.103 정보 [main] org.apache.catalina.startup.VersionLoggerListener.log Server 버전 번호:  10.1.20.0
12-Apr-2024 15:12:13.103 정보 [main] org.apache.catalina.startup.VersionLoggerListener.log 운영체제 이름:     Linux
12-Apr-2024 15:12:13.103 정보 [main] org.apache.catalina.startup.VersionLoggerListener.log 운영체제 버전:     5.14.0-362.24.1.el9_3.0.1.x86_64
12-Apr-2024 15:12:13.103 정보 [main] org.apache.catalina.startup.VersionLoggerListener.log 아키텍처:          amd64
12-Apr-2024 15:12:13.103 정보 [main] org.apache.catalina.startup.VersionLoggerListener.log 자바 홈:           /usr/lib/jvm/java-11-openjdk-11.0.22.0.7-2.el9.x86_64
12-Apr-2024 15:12:13.104 정보 [main] org.apache.catalina.startup.VersionLoggerListener.log JVM 버전:          11.0.22+7-LTS
12-Apr-2024 15:12:13.104 정보 [main] org.apache.catalina.startup.VersionLoggerListener.log JVM 벤더:          Red Hat, Inc.
12-Apr-2024 15:12:13.104 정보 [main] org.apache.catalina.startup.VersionLoggerListener.log CATALINA_BASE:     /opt/tomcat
12-Apr-2024 15:12:13.105 정보 [main] org.apache.catalina.startup.VersionLoggerListener.log CATALINA_HOME:     /opt/tomcat
12-Apr-2024 15:12:13.126 정보 [main] org.apache.catalina.startup.VersionLoggerListener.log 명령 행 아규먼트:  -Djava.util.logging.config.file=/opt/tomcat/conf/logging.properties
12-Apr-2024 15:12:13.128 정보 [main] org.apache.catalina.startup.VersionLoggerListener.log 명령 행 아규먼트:  -Djava.util.logging.manager=org.apache.juli.ClassLoaderLogManager
12-Apr-2024 15:12:13.128 정보 [main] org.apache.catalina.startup.VersionLoggerListener.log 명령 행 아규먼트:  -Djdk.tls.ephemeralDHKeySize=2048
12-Apr-2024 15:12:13.128 정보 [main] org.apache.catalina.startup.VersionLoggerListener.log 명령 행 아규먼트:  -Djava.protocol.handler.pkgs=org.apache.catalina.webresources
12-Apr-2024 15:12:13.128 정보 [main] org.apache.catalina.startup.VersionLoggerListener.log 명령 행 아규먼트:  -Dorg.apache.catalina.security.SecurityListener.UMASK=0027
12-Apr-2024 15:12:13.128 정보 [main] org.apache.catalina.startup.VersionLoggerListener.log 명령 행 아규먼트:  --add-opens=java.base/java.lang=ALL-UNNAMED
12-Apr-2024 15:12:13.128 정보 [main] org.apache.catalina.startup.VersionLoggerListener.log 명령 행 아규먼트:  --add-opens=java.base/java.io=ALL-UNNAMED
12-Apr-2024 15:12:13.129 정보 [main] org.apache.catalina.startup.VersionLoggerListener.log 명령 행 아규먼트:  --add-opens=java.base/java.util=ALL-UNNAMED
12-Apr-2024 15:12:13.129 정보 [main] org.apache.catalina.startup.VersionLoggerListener.log 명령 행 아규먼트:  --add-opens=java.base/java.util.concurrent=ALL-UNNAMED
12-Apr-2024 15:12:13.129 정보 [main] org.apache.catalina.startup.VersionLoggerListener.log 명령 행 아규먼트:  --add-opens=java.rmi/sun.rmi.transport=ALL-UNNAMED
12-Apr-2024 15:12:13.129 정보 [main] org.apache.catalina.startup.VersionLoggerListener.log 명령 행 아규먼트:  -Dcatalina.base=/opt/tomcat
12-Apr-2024 15:12:13.129 정보 [main] org.apache.catalina.startup.VersionLoggerListener.log 명령 행 아규먼트:  -Dcatalina.home=/opt/tomcat
12-Apr-2024 15:12:13.129 정보 [main] org.apache.catalina.startup.VersionLoggerListener.log 명령 행 아규먼트:  -Djava.io.tmpdir=/opt/tomcat/temp
12-Apr-2024 15:12:13.132 정보 [main] org.apache.catalina.core.AprLifecycleListener.lifecycleEvent 프로덕션 환경들에서 최적의 성능을 제공하는, APR 기반 Apache Tomcat Native 라이브러리가, 다음 java.library.path에서 발견되지 않습니다: [/usr/java/packages/lib:/usr/lib64:/lib64:/lib:/usr/lib]
12-Apr-2024 15:12:13.335 정보 [main] org.apache.coyote.AbstractProtocol.init 프로토콜 핸들러 ["http-nio-8080"]을(를) 초기화합니다.
12-Apr-2024 15:12:13.354 정보 [main] org.apache.catalina.startup.Catalina.load [479] 밀리초 내에 서버가 초기화되었습니다.
12-Apr-2024 15:12:13.379 정보 [main] org.apache.catalina.core.StandardService.startInternal 서비스 [Catalina]을(를) 시작합니다.
12-Apr-2024 15:12:13.379 정보 [main] org.apache.catalina.core.StandardEngine.startInternal 서버 엔진을 시작합니다: [Apache Tomcat/10.1.20]
12-Apr-2024 15:12:13.385 정보 [main] org.apache.catalina.startup.HostConfig.deployDirectory 웹 애플리케이션 디렉토리 [/opt/tomcat/webapps/ROOT]을(를) 배치합니다.
12-Apr-2024 15:12:13.583 정보 [main] org.apache.catalina.startup.HostConfig.deployDirectory 웹 애플리케이션 디렉토리 [/opt/tomcat/webapps/ROOT]에 대한 배치가 [196] 밀리초에 완료되었습니다.
12-Apr-2024 15:12:13.584 정보 [main] org.apache.catalina.startup.HostConfig.deployDirectory 웹 애플리케이션 디렉토리 [/opt/tomcat/webapps/docs]을(를) 배치합니다.
12-Apr-2024 15:12:13.596 정보 [main] org.apache.catalina.startup.HostConfig.deployDirectory 웹 애플리케이션 디렉토리 [/opt/tomcat/webapps/docs]에 대한 배치가 [12] 밀리초에 완료되었습니다.
12-Apr-2024 15:12:13.596 정보 [main] org.apache.catalina.startup.HostConfig.deployDirectory 웹 애플리케이션 디렉토리 [/opt/tomcat/webapps/examples]을(를) 배치합니다.
12-Apr-2024 15:12:13.711 정보 [main] org.apache.catalina.startup.HostConfig.deployDirectory 웹 애플리케이션 디렉토리 [/opt/tomcat/webapps/examples]에 대한 배치가 [115] 밀리초에 완료되었습니다.
12-Apr-2024 15:12:13.711 정보 [main] org.apache.catalina.startup.HostConfig.deployDirectory 웹 애플리케이션 디렉토리 [/opt/tomcat/webapps/host-manager]을(를) 배치합니다.
12-Apr-2024 15:12:13.728 정보 [main] org.apache.catalina.startup.HostConfig.deployDirectory 웹 애플리케이션 디렉토리 [/opt/tomcat/webapps/host-manager]에 대한 배치가 [16] 밀리초에 완료되었습니다.
12-Apr-2024 15:12:13.728 정보 [main] org.apache.catalina.startup.HostConfig.deployDirectory 웹 애플리케이션 디렉토리 [/opt/tomcat/webapps/manager]을(를) 배치합니다.
12-Apr-2024 15:12:13.741 정보 [main] org.apache.catalina.startup.HostConfig.deployDirectory 웹 애플리케이션 디렉토리 [/opt/tomcat/webapps/manager]에 대한 배치가 [13] 밀리초에 완료되었습니다.
12-Apr-2024 15:12:13.743 정보 [main] org.apache.coyote.AbstractProtocol.start 프로토콜 핸들러 ["http-nio-8080"]을(를) 시작합니다.
12-Apr-2024 15:12:13.769 정보 [main] org.apache.catalina.startup.Catalina.start 서버가 [414] 밀리초 내에 시작되었습니다.
12-Apr-2024 15:13:58.881 정보 [main] org.apache.catalina.core.StandardServer.await 셧다운 포트를 통해 유효한 셧다운 명령을 받았습니다. 서버 인스턴스를 중지시킵니다.
12-Apr-2024 15:13:58.885 정보 [main] org.apache.coyote.AbstractProtocol.pause 프로토콜 핸들러 ["http-nio-8080"]을(를) 일시 정지 중
12-Apr-2024 15:13:58.889 정보 [main] org.apache.catalina.core.StandardService.stopInternal 서비스 [Catalina]을(를) 중지시킵니다.
12-Apr-2024 15:13:58.914 정보 [main] org.apache.coyote.AbstractProtocol.stop 프로토콜 핸들러 ["http-nio-8080"]을(를) 중지시킵니다.
12-Apr-2024 15:13:58.925 정보 [main] org.apache.coyote.AbstractProtocol.destroy 프로토콜 핸들러 ["http-nio-8080"]을(를) 소멸시킵니다.
