07-Jun-2024 09:09:05.988 정보 [main] org.apache.catalina.core.ApplicationContext.log SessionListener: contextDestroyed()
07-Jun-2024 09:09:05.988 정보 [main] org.apache.catalina.core.ApplicationContext.log ContextListener: contextDestroyed()
07-Jun-2024 09:09:22.211 정보 [main] org.apache.catalina.core.ApplicationContext.log ContextListener: contextInitialized()
07-Jun-2024 09:09:22.211 정보 [main] org.apache.catalina.core.ApplicationContext.log SessionListener: contextInitialized()
07-Jun-2024 09:09:22.213 정보 [main] org.apache.catalina.core.ApplicationContext.log ContextListener: attributeAdded('StockTicker', 'async.Stockticker@76104df5')
07-Jun-2024 09:20:03.012 정보 [main] org.apache.catalina.core.ApplicationContext.log SessionListener: contextDestroyed()
07-Jun-2024 09:20:03.013 정보 [main] org.apache.catalina.core.ApplicationContext.log ContextListener: contextDestroyed()
07-Jun-2024 09:20:18.726 정보 [main] org.apache.catalina.core.ApplicationContext.log ContextListener: contextInitialized()
07-Jun-2024 09:20:18.726 정보 [main] org.apache.catalina.core.ApplicationContext.log SessionListener: contextInitialized()
07-Jun-2024 09:20:18.728 정보 [main] org.apache.catalina.core.ApplicationContext.log ContextListener: attributeAdded('StockTicker', 'async.Stockticker@76104df5')
07-Jun-2024 09:22:38.330 정보 [main] org.apache.catalina.core.ApplicationContext.log SessionListener: contextDestroyed()
07-Jun-2024 09:22:38.331 정보 [main] org.apache.catalina.core.ApplicationContext.log ContextListener: contextDestroyed()
07-Jun-2024 09:22:53.655 정보 [main] org.apache.catalina.core.ApplicationContext.log ContextListener: contextInitialized()
07-Jun-2024 09:22:53.655 정보 [main] org.apache.catalina.core.ApplicationContext.log SessionListener: contextInitialized()
07-Jun-2024 09:22:53.656 정보 [main] org.apache.catalina.core.ApplicationContext.log ContextListener: attributeAdded('StockTicker', 'async.Stockticker@337cb81d')
07-Jun-2024 10:34:31.754 정보 [main] org.apache.catalina.core.ApplicationContext.log SessionListener: contextDestroyed()
07-Jun-2024 10:34:31.754 정보 [main] org.apache.catalina.core.ApplicationContext.log ContextListener: contextDestroyed()
07-Jun-2024 10:34:47.625 정보 [main] org.apache.catalina.core.ApplicationContext.log ContextListener: contextInitialized()
07-Jun-2024 10:34:47.626 정보 [main] org.apache.catalina.core.ApplicationContext.log SessionListener: contextInitialized()
07-Jun-2024 10:34:47.627 정보 [main] org.apache.catalina.core.ApplicationContext.log ContextListener: attributeAdded('StockTicker', 'async.Stockticker@70819ba8')
07-Jun-2024 17:46:57.776 정보 [main] org.apache.catalina.core.ApplicationContext.log ContextListener: contextInitialized()
07-Jun-2024 17:46:57.778 정보 [main] org.apache.catalina.core.ApplicationContext.log SessionListener: contextInitialized()
07-Jun-2024 17:46:57.780 정보 [main] org.apache.catalina.core.ApplicationContext.log ContextListener: attributeAdded('StockTicker', 'async.Stockticker@1e66bf2d')
