03-Jun-2024 09:37:28.931 정보 [main] org.apache.catalina.core.ApplicationContext.log ContextListener: contextInitialized()
03-Jun-2024 09:37:28.931 정보 [main] org.apache.catalina.core.ApplicationContext.log SessionListener: contextInitialized()
03-Jun-2024 09:37:28.931 정보 [main] org.apache.catalina.core.ApplicationContext.log ContextListener: attributeAdded('StockTicker', 'async.Stockticker@70819ba8')
03-Jun-2024 09:45:38.256 정보 [main] org.apache.catalina.core.ApplicationContext.log SessionListener: contextDestroyed()
03-Jun-2024 09:45:38.256 정보 [main] org.apache.catalina.core.ApplicationContext.log ContextListener: contextDestroyed()
03-Jun-2024 10:01:26.554 정보 [main] org.apache.catalina.core.ApplicationContext.log ContextListener: contextInitialized()
03-Jun-2024 10:01:26.554 정보 [main] org.apache.catalina.core.ApplicationContext.log SessionListener: contextInitialized()
03-Jun-2024 10:01:26.554 정보 [main] org.apache.catalina.core.ApplicationContext.log ContextListener: attributeAdded('StockTicker', 'async.Stockticker@47772462')
03-Jun-2024 12:22:11.924 정보 [main] org.apache.catalina.core.ApplicationContext.log SessionListener: contextDestroyed()
03-Jun-2024 12:22:11.924 정보 [main] org.apache.catalina.core.ApplicationContext.log ContextListener: contextDestroyed()
03-Jun-2024 12:22:14.811 정보 [main] org.apache.catalina.core.ApplicationContext.log ContextListener: contextInitialized()
03-Jun-2024 12:22:14.813 정보 [main] org.apache.catalina.core.ApplicationContext.log SessionListener: contextInitialized()
03-Jun-2024 12:22:14.814 정보 [main] org.apache.catalina.core.ApplicationContext.log ContextListener: attributeAdded('StockTicker', 'async.Stockticker@47772462')
03-Jun-2024 14:15:56.135 정보 [main] org.apache.catalina.core.ApplicationContext.log ContextListener: contextInitialized()
03-Jun-2024 14:15:56.136 정보 [main] org.apache.catalina.core.ApplicationContext.log SessionListener: contextInitialized()
03-Jun-2024 14:15:56.137 정보 [main] org.apache.catalina.core.ApplicationContext.log ContextListener: attributeAdded('StockTicker', 'async.Stockticker@3f9e8af5')
03-Jun-2024 14:35:28.790 정보 [Thread-1] org.apache.catalina.core.ApplicationContext.log SessionListener: contextDestroyed()
03-Jun-2024 14:35:28.790 정보 [Thread-1] org.apache.catalina.core.ApplicationContext.log ContextListener: contextDestroyed()
03-Jun-2024 15:16:09.700 정보 [main] org.apache.catalina.core.ApplicationContext.log ContextListener: contextInitialized()
03-Jun-2024 15:16:09.701 정보 [main] org.apache.catalina.core.ApplicationContext.log SessionListener: contextInitialized()
03-Jun-2024 15:16:09.701 정보 [main] org.apache.catalina.core.ApplicationContext.log ContextListener: attributeAdded('StockTicker', 'async.Stockticker@47772462')
03-Jun-2024 15:37:45.506 정보 [main] org.apache.catalina.core.ApplicationContext.log SessionListener: contextDestroyed()
03-Jun-2024 15:37:45.506 정보 [main] org.apache.catalina.core.ApplicationContext.log ContextListener: contextDestroyed()
03-Jun-2024 15:37:47.730 정보 [main] org.apache.catalina.core.ApplicationContext.log ContextListener: contextInitialized()
03-Jun-2024 15:37:47.737 정보 [main] org.apache.catalina.core.ApplicationContext.log SessionListener: contextInitialized()
03-Jun-2024 15:37:47.738 정보 [main] org.apache.catalina.core.ApplicationContext.log ContextListener: attributeAdded('StockTicker', 'async.Stockticker@47772462')
03-Jun-2024 16:33:36.699 정보 [main] org.apache.catalina.core.ApplicationContext.log SessionListener: contextDestroyed()
03-Jun-2024 16:33:36.699 정보 [main] org.apache.catalina.core.ApplicationContext.log ContextListener: contextDestroyed()
03-Jun-2024 16:33:39.035 정보 [main] org.apache.catalina.core.ApplicationContext.log ContextListener: contextInitialized()
03-Jun-2024 16:33:39.036 정보 [main] org.apache.catalina.core.ApplicationContext.log SessionListener: contextInitialized()
03-Jun-2024 16:33:39.036 정보 [main] org.apache.catalina.core.ApplicationContext.log ContextListener: attributeAdded('StockTicker', 'async.Stockticker@47772462')
