14-Apr-2024 17:08:11.132 정보 [main] org.apache.catalina.core.ApplicationContext.log SessionListener: contextDestroyed()
14-Apr-2024 17:08:11.133 정보 [main] org.apache.catalina.core.ApplicationContext.log ContextListener: contextDestroyed()
14-Apr-2024 17:08:13.994 정보 [main] org.apache.catalina.core.ApplicationContext.log ContextListener: contextInitialized()
14-Apr-2024 17:08:13.995 정보 [main] org.apache.catalina.core.ApplicationContext.log SessionListener: contextInitialized()
14-Apr-2024 17:08:13.996 정보 [main] org.apache.catalina.core.ApplicationContext.log ContextListener: attributeAdded('StockTicker', 'async.Stockticker@1e000a17')
14-Apr-2024 17:08:22.291 심각 [http-nio-8080-exec-2] org.apache.catalina.core.StandardWrapperValve.invoke 경로 []의 컨텍스트 내의 서블릿 [jsp]을(를) 위한 Servlet.service() 호출이, 근본 원인(root cause)과 함께, 예외 [JSP를 위한 클래스를 컴파일할 수 없습니다.: 

JSP 파일 [/insertForm.jsp]의 [17] 행에서 오류가 발생했습니다.
E_ALL cannot be resolved to a variable
14:         <h1>
15:             <% 
16:             // 에러 확인용
17:             error_reporting(E_ALL);
18:             ini_set("display_errors", 1);
19: 
20:             session_start();


JSP 파일 [/insertForm.jsp]의 [18] 행에서 오류가 발생했습니다.
The method ini_set(String, int) is undefined for the type insertForm_jsp
15:             <% 
16:             // 에러 확인용
17:             error_reporting(E_ALL);
18:             ini_set("display_errors", 1);
19: 
20:             session_start();
21:             String nick = (String) session.getAttribute("nickname");


JSP 파일 [/insertForm.jsp]의 [20] 행에서 오류가 발생했습니다.
The method session_start() is undefined for the type insertForm_jsp
17:             error_reporting(E_ALL);
18:             ini_set("display_errors", 1);
19: 
20:             session_start();
21:             String nick = (String) session.getAttribute("nickname");
22:             if (nick != null) {
23:                 out.println(nick + "님 ");


Stacktrace:]을(를) 발생시켰습니다.
	org.apache.jasper.JasperException: JSP를 위한 클래스를 컴파일할 수 없습니다.: 

JSP 파일 [/insertForm.jsp]의 [17] 행에서 오류가 발생했습니다.
E_ALL cannot be resolved to a variable
14:         <h1>
15:             <% 
16:             // 에러 확인용
17:             error_reporting(E_ALL);
18:             ini_set("display_errors", 1);
19: 
20:             session_start();


JSP 파일 [/insertForm.jsp]의 [18] 행에서 오류가 발생했습니다.
The method ini_set(String, int) is undefined for the type insertForm_jsp
15:             <% 
16:             // 에러 확인용
17:             error_reporting(E_ALL);
18:             ini_set("display_errors", 1);
19: 
20:             session_start();
21:             String nick = (String) session.getAttribute("nickname");


JSP 파일 [/insertForm.jsp]의 [20] 행에서 오류가 발생했습니다.
The method session_start() is undefined for the type insertForm_jsp
17:             error_reporting(E_ALL);
18:             ini_set("display_errors", 1);
19: 
20:             session_start();
21:             String nick = (String) session.getAttribute("nickname");
22:             if (nick != null) {
23:                 out.println(nick + "님 ");


Stacktrace:
		at org.apache.jasper.compiler.DefaultErrorHandler.javacError(DefaultErrorHandler.java:102)
		at org.apache.jasper.compiler.ErrorDispatcher.javacError(ErrorDispatcher.java:214)
		at org.apache.jasper.compiler.JDTCompiler.generateClass(JDTCompiler.java:524)
		at org.apache.jasper.compiler.Compiler.compile(Compiler.java:402)
		at org.apache.jasper.compiler.Compiler.compile(Compiler.java:372)
		at org.apache.jasper.compiler.Compiler.compile(Compiler.java:356)
		at org.apache.jasper.JspCompilationContext.compile(JspCompilationContext.java:603)
		at org.apache.jasper.servlet.JspServletWrapper.service(JspServletWrapper.java:396)
		at org.apache.jasper.servlet.JspServlet.serviceJspFile(JspServlet.java:380)
		at org.apache.jasper.servlet.JspServlet.service(JspServlet.java:328)
		at jakarta.servlet.http.HttpServlet.service(HttpServlet.java:658)
		at org.apache.catalina.core.ApplicationFilterChain.internalDoFilter(ApplicationFilterChain.java:206)
		at org.apache.catalina.core.ApplicationFilterChain.doFilter(ApplicationFilterChain.java:150)
		at org.apache.tomcat.websocket.server.WsFilter.doFilter(WsFilter.java:51)
		at org.apache.catalina.core.ApplicationFilterChain.internalDoFilter(ApplicationFilterChain.java:175)
		at org.apache.catalina.core.ApplicationFilterChain.doFilter(ApplicationFilterChain.java:150)
		at org.apache.catalina.core.StandardWrapperValve.invoke(StandardWrapperValve.java:167)
		at org.apache.catalina.core.StandardContextValve.invoke(StandardContextValve.java:90)
		at org.apache.catalina.authenticator.AuthenticatorBase.invoke(AuthenticatorBase.java:482)
		at org.apache.catalina.core.StandardHostValve.invoke(StandardHostValve.java:115)
		at org.apache.catalina.valves.ErrorReportValve.invoke(ErrorReportValve.java:93)
		at org.apache.catalina.valves.AbstractAccessLogValve.invoke(AbstractAccessLogValve.java:673)
		at org.apache.catalina.core.StandardEngineValve.invoke(StandardEngineValve.java:74)
		at org.apache.catalina.connector.CoyoteAdapter.service(CoyoteAdapter.java:344)
		at org.apache.coyote.http11.Http11Processor.service(Http11Processor.java:391)
		at org.apache.coyote.AbstractProcessorLight.process(AbstractProcessorLight.java:63)
		at org.apache.coyote.AbstractProtocol$ConnectionHandler.process(AbstractProtocol.java:896)
		at org.apache.tomcat.util.net.NioEndpoint$SocketProcessor.doRun(NioEndpoint.java:1736)
		at org.apache.tomcat.util.net.SocketProcessorBase.run(SocketProcessorBase.java:52)
		at org.apache.tomcat.util.threads.ThreadPoolExecutor.runWorker(ThreadPoolExecutor.java:1191)
		at org.apache.tomcat.util.threads.ThreadPoolExecutor$Worker.run(ThreadPoolExecutor.java:659)
		at org.apache.tomcat.util.threads.TaskThread$WrappingRunnable.run(TaskThread.java:63)
		at java.base/java.lang.Thread.run(Thread.java:829)
14-Apr-2024 17:08:23.951 심각 [http-nio-8080-exec-3] org.apache.catalina.core.StandardWrapperValve.invoke 경로 []의 컨텍스트 내의 서블릿 [jsp]을(를) 위한 Servlet.service() 호출이, 근본 원인(root cause)과 함께, 예외 [org.apache.jasper.JasperException: java.lang.ClassNotFoundException: org.apache.jsp.insertForm_jsp]을(를) 발생시켰습니다.
	java.lang.ClassNotFoundException: org.apache.jsp.insertForm_jsp
		at java.base/java.net.URLClassLoader.findClass(URLClassLoader.java:476)
		at org.apache.jasper.servlet.JasperLoader.loadClass(JasperLoader.java:129)
		at org.apache.jasper.servlet.JasperLoader.loadClass(JasperLoader.java:58)
		at org.apache.catalina.core.DefaultInstanceManager.newInstance(DefaultInstanceManager.java:151)
		at org.apache.jasper.servlet.JspServletWrapper.getServlet(JspServletWrapper.java:189)
		at org.apache.jasper.servlet.JspServletWrapper.service(JspServletWrapper.java:410)
		at org.apache.jasper.servlet.JspServlet.serviceJspFile(JspServlet.java:380)
		at org.apache.jasper.servlet.JspServlet.service(JspServlet.java:328)
		at jakarta.servlet.http.HttpServlet.service(HttpServlet.java:658)
		at org.apache.catalina.core.ApplicationFilterChain.internalDoFilter(ApplicationFilterChain.java:206)
		at org.apache.catalina.core.ApplicationFilterChain.doFilter(ApplicationFilterChain.java:150)
		at org.apache.tomcat.websocket.server.WsFilter.doFilter(WsFilter.java:51)
		at org.apache.catalina.core.ApplicationFilterChain.internalDoFilter(ApplicationFilterChain.java:175)
		at org.apache.catalina.core.ApplicationFilterChain.doFilter(ApplicationFilterChain.java:150)
		at org.apache.catalina.core.StandardWrapperValve.invoke(StandardWrapperValve.java:167)
		at org.apache.catalina.core.StandardContextValve.invoke(StandardContextValve.java:90)
		at org.apache.catalina.authenticator.AuthenticatorBase.invoke(AuthenticatorBase.java:482)
		at org.apache.catalina.core.StandardHostValve.invoke(StandardHostValve.java:115)
		at org.apache.catalina.valves.ErrorReportValve.invoke(ErrorReportValve.java:93)
		at org.apache.catalina.valves.AbstractAccessLogValve.invoke(AbstractAccessLogValve.java:673)
		at org.apache.catalina.core.StandardEngineValve.invoke(StandardEngineValve.java:74)
		at org.apache.catalina.connector.CoyoteAdapter.service(CoyoteAdapter.java:344)
		at org.apache.coyote.http11.Http11Processor.service(Http11Processor.java:391)
		at org.apache.coyote.AbstractProcessorLight.process(AbstractProcessorLight.java:63)
		at org.apache.coyote.AbstractProtocol$ConnectionHandler.process(AbstractProtocol.java:896)
		at org.apache.tomcat.util.net.NioEndpoint$SocketProcessor.doRun(NioEndpoint.java:1736)
		at org.apache.tomcat.util.net.SocketProcessorBase.run(SocketProcessorBase.java:52)
		at org.apache.tomcat.util.threads.ThreadPoolExecutor.runWorker(ThreadPoolExecutor.java:1191)
		at org.apache.tomcat.util.threads.ThreadPoolExecutor$Worker.run(ThreadPoolExecutor.java:659)
		at org.apache.tomcat.util.threads.TaskThread$WrappingRunnable.run(TaskThread.java:63)
		at java.base/java.lang.Thread.run(Thread.java:829)
14-Apr-2024 17:08:25.014 심각 [http-nio-8080-exec-4] org.apache.catalina.core.StandardWrapperValve.invoke 경로 []의 컨텍스트 내의 서블릿 [jsp]을(를) 위한 Servlet.service() 호출이, 근본 원인(root cause)과 함께, 예외 [org.apache.jasper.JasperException: java.lang.ClassNotFoundException: org.apache.jsp.insertForm_jsp]을(를) 발생시켰습니다.
	java.lang.ClassNotFoundException: org.apache.jsp.insertForm_jsp
		at java.base/java.net.URLClassLoader.findClass(URLClassLoader.java:476)
		at org.apache.jasper.servlet.JasperLoader.loadClass(JasperLoader.java:129)
		at org.apache.jasper.servlet.JasperLoader.loadClass(JasperLoader.java:58)
		at org.apache.catalina.core.DefaultInstanceManager.newInstance(DefaultInstanceManager.java:151)
		at org.apache.jasper.servlet.JspServletWrapper.getServlet(JspServletWrapper.java:189)
		at org.apache.jasper.servlet.JspServletWrapper.service(JspServletWrapper.java:410)
		at org.apache.jasper.servlet.JspServlet.serviceJspFile(JspServlet.java:380)
		at org.apache.jasper.servlet.JspServlet.service(JspServlet.java:328)
		at jakarta.servlet.http.HttpServlet.service(HttpServlet.java:658)
		at org.apache.catalina.core.ApplicationFilterChain.internalDoFilter(ApplicationFilterChain.java:206)
		at org.apache.catalina.core.ApplicationFilterChain.doFilter(ApplicationFilterChain.java:150)
		at org.apache.tomcat.websocket.server.WsFilter.doFilter(WsFilter.java:51)
		at org.apache.catalina.core.ApplicationFilterChain.internalDoFilter(ApplicationFilterChain.java:175)
		at org.apache.catalina.core.ApplicationFilterChain.doFilter(ApplicationFilterChain.java:150)
		at org.apache.catalina.core.StandardWrapperValve.invoke(StandardWrapperValve.java:167)
		at org.apache.catalina.core.StandardContextValve.invoke(StandardContextValve.java:90)
		at org.apache.catalina.authenticator.AuthenticatorBase.invoke(AuthenticatorBase.java:482)
		at org.apache.catalina.core.StandardHostValve.invoke(StandardHostValve.java:115)
		at org.apache.catalina.valves.ErrorReportValve.invoke(ErrorReportValve.java:93)
		at org.apache.catalina.valves.AbstractAccessLogValve.invoke(AbstractAccessLogValve.java:673)
		at org.apache.catalina.core.StandardEngineValve.invoke(StandardEngineValve.java:74)
		at org.apache.catalina.connector.CoyoteAdapter.service(CoyoteAdapter.java:344)
		at org.apache.coyote.http11.Http11Processor.service(Http11Processor.java:391)
		at org.apache.coyote.AbstractProcessorLight.process(AbstractProcessorLight.java:63)
		at org.apache.coyote.AbstractProtocol$ConnectionHandler.process(AbstractProtocol.java:896)
		at org.apache.tomcat.util.net.NioEndpoint$SocketProcessor.doRun(NioEndpoint.java:1736)
		at org.apache.tomcat.util.net.SocketProcessorBase.run(SocketProcessorBase.java:52)
		at org.apache.tomcat.util.threads.ThreadPoolExecutor.runWorker(ThreadPoolExecutor.java:1191)
		at org.apache.tomcat.util.threads.ThreadPoolExecutor$Worker.run(ThreadPoolExecutor.java:659)
		at org.apache.tomcat.util.threads.TaskThread$WrappingRunnable.run(TaskThread.java:63)
		at java.base/java.lang.Thread.run(Thread.java:829)
14-Apr-2024 17:10:46.782 정보 [main] org.apache.catalina.core.ApplicationContext.log SessionListener: contextDestroyed()
14-Apr-2024 17:10:46.782 정보 [main] org.apache.catalina.core.ApplicationContext.log ContextListener: contextDestroyed()
14-Apr-2024 17:10:49.243 정보 [main] org.apache.catalina.core.ApplicationContext.log ContextListener: contextInitialized()
14-Apr-2024 17:10:49.243 정보 [main] org.apache.catalina.core.ApplicationContext.log SessionListener: contextInitialized()
14-Apr-2024 17:10:49.244 정보 [main] org.apache.catalina.core.ApplicationContext.log ContextListener: attributeAdded('StockTicker', 'async.Stockticker@69b1e8f8')
14-Apr-2024 17:32:09.773 정보 [main] org.apache.catalina.core.ApplicationContext.log SessionListener: contextDestroyed()
14-Apr-2024 17:32:09.773 정보 [main] org.apache.catalina.core.ApplicationContext.log ContextListener: contextDestroyed()
14-Apr-2024 17:32:12.223 정보 [main] org.apache.catalina.core.ApplicationContext.log ContextListener: contextInitialized()
14-Apr-2024 17:32:12.224 정보 [main] org.apache.catalina.core.ApplicationContext.log SessionListener: contextInitialized()
14-Apr-2024 17:32:12.225 정보 [main] org.apache.catalina.core.ApplicationContext.log ContextListener: attributeAdded('StockTicker', 'async.Stockticker@2ac9e53c')
14-Apr-2024 19:29:54.606 정보 [main] org.apache.catalina.core.ApplicationContext.log SessionListener: contextDestroyed()
14-Apr-2024 19:29:54.606 정보 [main] org.apache.catalina.core.ApplicationContext.log ContextListener: contextDestroyed()
14-Apr-2024 19:29:57.942 정보 [main] org.apache.catalina.core.ApplicationContext.log ContextListener: contextInitialized()
14-Apr-2024 19:29:57.944 정보 [main] org.apache.catalina.core.ApplicationContext.log SessionListener: contextInitialized()
14-Apr-2024 19:29:57.946 정보 [main] org.apache.catalina.core.ApplicationContext.log ContextListener: attributeAdded('StockTicker', 'async.Stockticker@2ac9e53c')
14-Apr-2024 23:45:03.057 정보 [main] org.apache.catalina.core.ApplicationContext.log SessionListener: contextDestroyed()
14-Apr-2024 23:45:03.057 정보 [main] org.apache.catalina.core.ApplicationContext.log ContextListener: contextDestroyed()
14-Apr-2024 23:45:06.237 정보 [main] org.apache.catalina.core.ApplicationContext.log ContextListener: contextInitialized()
14-Apr-2024 23:45:06.237 정보 [main] org.apache.catalina.core.ApplicationContext.log SessionListener: contextInitialized()
14-Apr-2024 23:45:06.238 정보 [main] org.apache.catalina.core.ApplicationContext.log ContextListener: attributeAdded('StockTicker', 'async.Stockticker@2ac9e53c')
