28-May-2024 17:29:14.073 정보 [main] org.apache.catalina.core.ApplicationContext.log SessionListener: contextDestroyed()
28-May-2024 17:29:14.073 정보 [main] org.apache.catalina.core.ApplicationContext.log ContextListener: contextDestroyed()
28-May-2024 17:29:16.912 정보 [main] org.apache.catalina.core.ApplicationContext.log ContextListener: contextInitialized()
28-May-2024 17:29:16.913 정보 [main] org.apache.catalina.core.ApplicationContext.log SessionListener: contextInitialized()
28-May-2024 17:29:16.914 정보 [main] org.apache.catalina.core.ApplicationContext.log ContextListener: attributeAdded('StockTicker', 'async.Stockticker@49ea13b6')
28-May-2024 17:31:11.646 정보 [main] org.apache.catalina.core.ApplicationContext.log SessionListener: contextDestroyed()
28-May-2024 17:31:11.646 정보 [main] org.apache.catalina.core.ApplicationContext.log ContextListener: contextDestroyed()
28-May-2024 17:31:14.482 정보 [main] org.apache.catalina.core.ApplicationContext.log ContextListener: contextInitialized()
28-May-2024 17:31:14.482 정보 [main] org.apache.catalina.core.ApplicationContext.log SessionListener: contextInitialized()
28-May-2024 17:31:14.482 정보 [main] org.apache.catalina.core.ApplicationContext.log ContextListener: attributeAdded('StockTicker', 'async.Stockticker@49ea13b6')
28-May-2024 17:35:30.256 정보 [main] org.apache.catalina.core.ApplicationContext.log SessionListener: contextDestroyed()
28-May-2024 17:35:30.256 정보 [main] org.apache.catalina.core.ApplicationContext.log ContextListener: contextDestroyed()
28-May-2024 17:35:42.175 정보 [main] org.apache.catalina.core.ApplicationContext.log ContextListener: contextInitialized()
28-May-2024 17:35:42.177 정보 [main] org.apache.catalina.core.ApplicationContext.log SessionListener: contextInitialized()
28-May-2024 17:35:42.178 정보 [main] org.apache.catalina.core.ApplicationContext.log ContextListener: attributeAdded('StockTicker', 'async.Stockticker@5db90818')
28-May-2024 17:36:10.097 정보 [main] org.apache.catalina.core.ApplicationContext.log SessionListener: contextDestroyed()
28-May-2024 17:36:10.097 정보 [main] org.apache.catalina.core.ApplicationContext.log ContextListener: contextDestroyed()
28-May-2024 17:36:25.454 정보 [main] org.apache.catalina.core.ApplicationContext.log ContextListener: contextInitialized()
28-May-2024 17:36:25.455 정보 [main] org.apache.catalina.core.ApplicationContext.log SessionListener: contextInitialized()
28-May-2024 17:36:25.455 정보 [main] org.apache.catalina.core.ApplicationContext.log ContextListener: attributeAdded('StockTicker', 'async.Stockticker@414d2821')
28-May-2024 17:40:03.615 정보 [main] org.apache.catalina.core.ApplicationContext.log SessionListener: contextDestroyed()
28-May-2024 17:40:03.615 정보 [main] org.apache.catalina.core.ApplicationContext.log ContextListener: contextDestroyed()
28-May-2024 17:40:06.281 정보 [main] org.apache.catalina.core.ApplicationContext.log ContextListener: contextInitialized()
28-May-2024 17:40:06.282 정보 [main] org.apache.catalina.core.ApplicationContext.log SessionListener: contextInitialized()
28-May-2024 17:40:06.282 정보 [main] org.apache.catalina.core.ApplicationContext.log ContextListener: attributeAdded('StockTicker', 'async.Stockticker@49ea13b6')
28-May-2024 17:44:30.639 정보 [main] org.apache.catalina.core.ApplicationContext.log SessionListener: contextDestroyed()
28-May-2024 17:44:30.640 정보 [main] org.apache.catalina.core.ApplicationContext.log ContextListener: contextDestroyed()
28-May-2024 17:44:32.933 정보 [main] org.apache.catalina.core.ApplicationContext.log ContextListener: contextInitialized()
28-May-2024 17:44:32.934 정보 [main] org.apache.catalina.core.ApplicationContext.log SessionListener: contextInitialized()
28-May-2024 17:44:32.935 정보 [main] org.apache.catalina.core.ApplicationContext.log ContextListener: attributeAdded('StockTicker', 'async.Stockticker@49ea13b6')
