05-Jun-2024 11:52:48.594 정보 [main] org.apache.catalina.core.ApplicationContext.log SessionListener: contextDestroyed()
05-Jun-2024 11:52:48.595 정보 [main] org.apache.catalina.core.ApplicationContext.log ContextListener: contextDestroyed()
05-Jun-2024 11:53:05.052 정보 [main] org.apache.catalina.core.ApplicationContext.log ContextListener: contextInitialized()
05-Jun-2024 11:53:05.053 정보 [main] org.apache.catalina.core.ApplicationContext.log SessionListener: contextInitialized()
05-Jun-2024 11:53:05.054 정보 [main] org.apache.catalina.core.ApplicationContext.log ContextListener: attributeAdded('StockTicker', 'async.Stockticker@76104df5')
05-Jun-2024 14:44:57.934 정보 [main] org.apache.catalina.core.ApplicationContext.log SessionListener: contextDestroyed()
05-Jun-2024 14:44:57.935 정보 [main] org.apache.catalina.core.ApplicationContext.log ContextListener: contextDestroyed()
05-Jun-2024 14:45:48.247 정보 [main] org.apache.catalina.core.ApplicationContext.log ContextListener: contextInitialized()
05-Jun-2024 14:45:48.248 정보 [main] org.apache.catalina.core.ApplicationContext.log SessionListener: contextInitialized()
05-Jun-2024 14:45:48.250 정보 [main] org.apache.catalina.core.ApplicationContext.log ContextListener: attributeAdded('StockTicker', 'async.Stockticker@47772462')
05-Jun-2024 14:47:04.438 정보 [main] org.apache.catalina.core.ApplicationContext.log ContextListener: contextInitialized()
05-Jun-2024 14:47:04.438 정보 [main] org.apache.catalina.core.ApplicationContext.log SessionListener: contextInitialized()
05-Jun-2024 14:47:04.438 정보 [main] org.apache.catalina.core.ApplicationContext.log ContextListener: attributeAdded('StockTicker', 'async.Stockticker@76104df5')
05-Jun-2024 14:47:27.335 정보 [main] org.apache.catalina.core.ApplicationContext.log SessionListener: contextDestroyed()
05-Jun-2024 14:47:27.335 정보 [main] org.apache.catalina.core.ApplicationContext.log ContextListener: contextDestroyed()
05-Jun-2024 14:47:39.793 정보 [main] org.apache.catalina.core.ApplicationContext.log ContextListener: contextInitialized()
05-Jun-2024 14:47:39.799 정보 [main] org.apache.catalina.core.ApplicationContext.log SessionListener: contextInitialized()
05-Jun-2024 14:47:39.800 정보 [main] org.apache.catalina.core.ApplicationContext.log ContextListener: attributeAdded('StockTicker', 'async.Stockticker@70819ba8')
05-Jun-2024 16:01:28.192 정보 [main] org.apache.catalina.core.ApplicationContext.log SessionListener: contextDestroyed()
05-Jun-2024 16:01:28.192 정보 [main] org.apache.catalina.core.ApplicationContext.log ContextListener: contextDestroyed()
05-Jun-2024 16:01:42.161 정보 [main] org.apache.catalina.core.ApplicationContext.log ContextListener: contextInitialized()
05-Jun-2024 16:01:42.161 정보 [main] org.apache.catalina.core.ApplicationContext.log SessionListener: contextInitialized()
05-Jun-2024 16:01:42.161 정보 [main] org.apache.catalina.core.ApplicationContext.log ContextListener: attributeAdded('StockTicker', 'async.Stockticker@446a692f')
05-Jun-2024 16:08:10.886 정보 [main] org.apache.catalina.core.ApplicationContext.log SessionListener: contextDestroyed()
05-Jun-2024 16:08:10.887 정보 [main] org.apache.catalina.core.ApplicationContext.log ContextListener: contextDestroyed()
05-Jun-2024 16:08:21.016 정보 [main] org.apache.catalina.core.ApplicationContext.log ContextListener: contextInitialized()
05-Jun-2024 16:08:21.018 정보 [main] org.apache.catalina.core.ApplicationContext.log SessionListener: contextInitialized()
05-Jun-2024 16:08:21.019 정보 [main] org.apache.catalina.core.ApplicationContext.log ContextListener: attributeAdded('StockTicker', 'async.Stockticker@70819ba8')
05-Jun-2024 16:16:43.833 정보 [main] org.apache.catalina.core.ApplicationContext.log SessionListener: contextDestroyed()
05-Jun-2024 16:16:43.833 정보 [main] org.apache.catalina.core.ApplicationContext.log ContextListener: contextDestroyed()
05-Jun-2024 16:16:55.945 정보 [main] org.apache.catalina.core.ApplicationContext.log ContextListener: contextInitialized()
05-Jun-2024 16:16:55.945 정보 [main] org.apache.catalina.core.ApplicationContext.log SessionListener: contextInitialized()
05-Jun-2024 16:16:55.946 정보 [main] org.apache.catalina.core.ApplicationContext.log ContextListener: attributeAdded('StockTicker', 'async.Stockticker@47772462')
05-Jun-2024 16:45:19.389 정보 [main] org.apache.catalina.core.ApplicationContext.log SessionListener: contextDestroyed()
05-Jun-2024 16:45:19.389 정보 [main] org.apache.catalina.core.ApplicationContext.log ContextListener: contextDestroyed()
05-Jun-2024 16:45:21.814 정보 [main] org.apache.catalina.core.ApplicationContext.log ContextListener: contextInitialized()
05-Jun-2024 16:45:21.814 정보 [main] org.apache.catalina.core.ApplicationContext.log SessionListener: contextInitialized()
05-Jun-2024 16:45:21.815 정보 [main] org.apache.catalina.core.ApplicationContext.log ContextListener: attributeAdded('StockTicker', 'async.Stockticker@47772462')
05-Jun-2024 17:25:22.702 정보 [Catalina-utility-1] org.apache.catalina.core.ApplicationContext.log SessionListener: contextDestroyed()
05-Jun-2024 17:25:22.702 정보 [Catalina-utility-1] org.apache.catalina.core.ApplicationContext.log ContextListener: contextDestroyed()
05-Jun-2024 17:25:22.947 정보 [Catalina-utility-1] org.apache.catalina.core.ApplicationContext.log ContextListener: contextInitialized()
05-Jun-2024 17:25:22.948 정보 [Catalina-utility-1] org.apache.catalina.core.ApplicationContext.log SessionListener: contextInitialized()
05-Jun-2024 17:25:22.952 정보 [Catalina-utility-1] org.apache.catalina.core.ApplicationContext.log ContextListener: attributeAdded('StockTicker', 'async.Stockticker@53d848ad')
05-Jun-2024 17:51:27.997 정보 [main] org.apache.catalina.core.ApplicationContext.log SessionListener: contextDestroyed()
05-Jun-2024 17:51:27.997 정보 [main] org.apache.catalina.core.ApplicationContext.log ContextListener: contextDestroyed()
05-Jun-2024 17:51:41.106 정보 [main] org.apache.catalina.core.ApplicationContext.log ContextListener: contextInitialized()
05-Jun-2024 17:51:41.108 정보 [main] org.apache.catalina.core.ApplicationContext.log SessionListener: contextInitialized()
05-Jun-2024 17:51:41.109 정보 [main] org.apache.catalina.core.ApplicationContext.log ContextListener: attributeAdded('StockTicker', 'async.Stockticker@70819ba8')
