11-Jun-2024 09:10:17.577 정보 [main] org.apache.catalina.core.ApplicationContext.log SessionListener: contextDestroyed()
11-Jun-2024 09:10:17.578 정보 [main] org.apache.catalina.core.ApplicationContext.log ContextListener: contextDestroyed()
11-Jun-2024 09:10:19.970 정보 [main] org.apache.catalina.core.ApplicationContext.log ContextListener: contextInitialized()
11-Jun-2024 09:10:19.971 정보 [main] org.apache.catalina.core.ApplicationContext.log SessionListener: contextInitialized()
11-Jun-2024 09:10:19.972 정보 [main] org.apache.catalina.core.ApplicationContext.log ContextListener: attributeAdded('StockTicker', 'async.Stockticker@47772462')
11-Jun-2024 11:40:19.322 정보 [main] org.apache.catalina.core.ApplicationContext.log SessionListener: contextDestroyed()
11-Jun-2024 11:40:19.325 정보 [main] org.apache.catalina.core.ApplicationContext.log ContextListener: contextDestroyed()
11-Jun-2024 11:40:31.866 정보 [main] org.apache.catalina.core.ApplicationContext.log ContextListener: contextInitialized()
11-Jun-2024 11:40:31.867 정보 [main] org.apache.catalina.core.ApplicationContext.log SessionListener: contextInitialized()
11-Jun-2024 11:40:31.868 정보 [main] org.apache.catalina.core.ApplicationContext.log ContextListener: attributeAdded('StockTicker', 'async.Stockticker@47772462')
11-Jun-2024 11:43:35.637 정보 [main] org.apache.catalina.core.ApplicationContext.log SessionListener: contextDestroyed()
11-Jun-2024 11:43:35.637 정보 [main] org.apache.catalina.core.ApplicationContext.log ContextListener: contextDestroyed()
11-Jun-2024 11:43:38.149 정보 [main] org.apache.catalina.core.ApplicationContext.log ContextListener: contextInitialized()
11-Jun-2024 11:43:38.150 정보 [main] org.apache.catalina.core.ApplicationContext.log SessionListener: contextInitialized()
11-Jun-2024 11:43:38.151 정보 [main] org.apache.catalina.core.ApplicationContext.log ContextListener: attributeAdded('StockTicker', 'async.Stockticker@47772462')
11-Jun-2024 11:46:03.942 정보 [main] org.apache.catalina.core.ApplicationContext.log SessionListener: contextDestroyed()
11-Jun-2024 11:46:03.949 정보 [main] org.apache.catalina.core.ApplicationContext.log ContextListener: contextDestroyed()
11-Jun-2024 11:46:06.492 정보 [main] org.apache.catalina.core.ApplicationContext.log ContextListener: contextInitialized()
11-Jun-2024 11:46:06.493 정보 [main] org.apache.catalina.core.ApplicationContext.log SessionListener: contextInitialized()
11-Jun-2024 11:46:06.494 정보 [main] org.apache.catalina.core.ApplicationContext.log ContextListener: attributeAdded('StockTicker', 'async.Stockticker@47772462')
