04-Jun-2024 09:50:01.129 정보 [main] org.apache.catalina.core.ApplicationContext.log ContextListener: contextInitialized()
04-Jun-2024 09:50:01.129 정보 [main] org.apache.catalina.core.ApplicationContext.log SessionListener: contextInitialized()
04-Jun-2024 09:50:01.130 정보 [main] org.apache.catalina.core.ApplicationContext.log ContextListener: attributeAdded('StockTicker', 'async.Stockticker@47772462')
04-Jun-2024 10:07:41.486 정보 [main] org.apache.catalina.core.ApplicationContext.log ContextListener: contextInitialized()
04-Jun-2024 10:07:41.486 정보 [main] org.apache.catalina.core.ApplicationContext.log SessionListener: contextInitialized()
04-Jun-2024 10:07:41.487 정보 [main] org.apache.catalina.core.ApplicationContext.log ContextListener: attributeAdded('StockTicker', 'async.Stockticker@337cb81d')
04-Jun-2024 10:34:08.750 정보 [main] org.apache.catalina.core.ApplicationContext.log SessionListener: contextDestroyed()
04-Jun-2024 10:34:08.750 정보 [main] org.apache.catalina.core.ApplicationContext.log ContextListener: contextDestroyed()
04-Jun-2024 10:34:21.023 정보 [main] org.apache.catalina.core.ApplicationContext.log ContextListener: contextInitialized()
04-Jun-2024 10:34:21.025 정보 [main] org.apache.catalina.core.ApplicationContext.log SessionListener: contextInitialized()
04-Jun-2024 10:34:21.026 정보 [main] org.apache.catalina.core.ApplicationContext.log ContextListener: attributeAdded('StockTicker', 'async.Stockticker@47772462')
04-Jun-2024 10:49:40.469 정보 [main] org.apache.catalina.core.ApplicationContext.log SessionListener: contextDestroyed()
04-Jun-2024 10:49:40.469 정보 [main] org.apache.catalina.core.ApplicationContext.log ContextListener: contextDestroyed()
04-Jun-2024 10:49:54.875 정보 [main] org.apache.catalina.core.ApplicationContext.log ContextListener: contextInitialized()
04-Jun-2024 10:49:54.875 정보 [main] org.apache.catalina.core.ApplicationContext.log SessionListener: contextInitialized()
04-Jun-2024 10:49:54.875 정보 [main] org.apache.catalina.core.ApplicationContext.log ContextListener: attributeAdded('StockTicker', 'async.Stockticker@70819ba8')
04-Jun-2024 10:52:15.875 정보 [main] org.apache.catalina.core.ApplicationContext.log SessionListener: contextDestroyed()
04-Jun-2024 10:52:15.875 정보 [main] org.apache.catalina.core.ApplicationContext.log ContextListener: contextDestroyed()
04-Jun-2024 10:52:31.413 정보 [main] org.apache.catalina.core.ApplicationContext.log ContextListener: contextInitialized()
04-Jun-2024 10:52:31.414 정보 [main] org.apache.catalina.core.ApplicationContext.log SessionListener: contextInitialized()
04-Jun-2024 10:52:31.415 정보 [main] org.apache.catalina.core.ApplicationContext.log ContextListener: attributeAdded('StockTicker', 'async.Stockticker@47772462')
04-Jun-2024 10:53:41.708 정보 [main] org.apache.catalina.core.ApplicationContext.log SessionListener: contextDestroyed()
04-Jun-2024 10:53:41.708 정보 [main] org.apache.catalina.core.ApplicationContext.log ContextListener: contextDestroyed()
04-Jun-2024 10:53:44.159 정보 [main] org.apache.catalina.core.ApplicationContext.log ContextListener: contextInitialized()
04-Jun-2024 10:53:44.159 정보 [main] org.apache.catalina.core.ApplicationContext.log SessionListener: contextInitialized()
04-Jun-2024 10:53:44.160 정보 [main] org.apache.catalina.core.ApplicationContext.log ContextListener: attributeAdded('StockTicker', 'async.Stockticker@47772462')
04-Jun-2024 14:23:29.400 정보 [main] org.apache.catalina.core.ApplicationContext.log ContextListener: contextInitialized()
04-Jun-2024 14:23:29.402 정보 [main] org.apache.catalina.core.ApplicationContext.log SessionListener: contextInitialized()
04-Jun-2024 14:23:29.402 정보 [main] org.apache.catalina.core.ApplicationContext.log ContextListener: attributeAdded('StockTicker', 'async.Stockticker@75c8d8e7')
04-Jun-2024 15:23:16.393 정보 [main] org.apache.catalina.core.ApplicationContext.log SessionListener: contextDestroyed()
04-Jun-2024 15:23:16.393 정보 [main] org.apache.catalina.core.ApplicationContext.log ContextListener: contextDestroyed()
04-Jun-2024 15:23:26.735 정보 [main] org.apache.catalina.core.ApplicationContext.log ContextListener: contextInitialized()
04-Jun-2024 15:23:26.735 정보 [main] org.apache.catalina.core.ApplicationContext.log SessionListener: contextInitialized()
04-Jun-2024 15:23:26.738 정보 [main] org.apache.catalina.core.ApplicationContext.log ContextListener: attributeAdded('StockTicker', 'async.Stockticker@446a692f')
04-Jun-2024 15:39:45.519 정보 [main] org.apache.catalina.core.ApplicationContext.log SessionListener: contextDestroyed()
04-Jun-2024 15:39:45.519 정보 [main] org.apache.catalina.core.ApplicationContext.log ContextListener: contextDestroyed()
04-Jun-2024 15:40:01.497 정보 [main] org.apache.catalina.core.ApplicationContext.log ContextListener: contextInitialized()
04-Jun-2024 15:40:01.497 정보 [main] org.apache.catalina.core.ApplicationContext.log SessionListener: contextInitialized()
04-Jun-2024 15:40:01.497 정보 [main] org.apache.catalina.core.ApplicationContext.log ContextListener: attributeAdded('StockTicker', 'async.Stockticker@47772462')
04-Jun-2024 16:19:36.968 정보 [main] org.apache.catalina.core.ApplicationContext.log SessionListener: contextDestroyed()
04-Jun-2024 16:19:36.969 정보 [main] org.apache.catalina.core.ApplicationContext.log ContextListener: contextDestroyed()
04-Jun-2024 16:19:49.573 정보 [main] org.apache.catalina.core.ApplicationContext.log ContextListener: contextInitialized()
04-Jun-2024 16:19:49.573 정보 [main] org.apache.catalina.core.ApplicationContext.log SessionListener: contextInitialized()
04-Jun-2024 16:19:49.574 정보 [main] org.apache.catalina.core.ApplicationContext.log ContextListener: attributeAdded('StockTicker', 'async.Stockticker@47772462')
04-Jun-2024 16:20:35.303 정보 [main] org.apache.catalina.core.ApplicationContext.log ContextListener: contextInitialized()
04-Jun-2024 16:20:35.305 정보 [main] org.apache.catalina.core.ApplicationContext.log SessionListener: contextInitialized()
04-Jun-2024 16:20:35.307 정보 [main] org.apache.catalina.core.ApplicationContext.log ContextListener: attributeAdded('StockTicker', 'async.Stockticker@337cb81d')
04-Jun-2024 16:43:56.731 정보 [main] org.apache.catalina.core.ApplicationContext.log SessionListener: contextDestroyed()
04-Jun-2024 16:43:56.731 정보 [main] org.apache.catalina.core.ApplicationContext.log ContextListener: contextDestroyed()
04-Jun-2024 16:44:09.230 정보 [main] org.apache.catalina.core.ApplicationContext.log ContextListener: contextInitialized()
04-Jun-2024 16:44:09.231 정보 [main] org.apache.catalina.core.ApplicationContext.log SessionListener: contextInitialized()
04-Jun-2024 16:44:09.231 정보 [main] org.apache.catalina.core.ApplicationContext.log ContextListener: attributeAdded('StockTicker', 'async.Stockticker@47772462')
